Using prebuild /home/user/.cache/must/prebuilds/47db29af17fd8ef1795e84c042421780
Using prebuild /home/user/.cache/must/prebuilds/47db29af17fd8ef1795e84c042421780
[MUST] MUST configuration ... centralized checks with fall-back application crash handling (very slow)
[MUST] Information: overwritting old intermediate data in directory "/rmaracebench/must_temp"!
[MUST] Using prebuilt infrastructure at /home/user/.cache/must/prebuilds/47db29af17fd8ef1795e84c042421780
[MUST] Infrastructure in "/home/user/.cache/must/prebuilds/47db29af17fd8ef1795e84c042421780" is present and used.
[MUST] Search for linked P^nMPI ... not found ... using LD_PRELOAD to load P^nMPI ... success
[MUST] Note: MPI RMA support requires the application to be built with Clang >= 15.Executing application:
[MUST-RUNTIME] [RMASanitize] epoch counter not found for context 0this should not happen.
Process 1: Execution finished, variable contents: localbuf[0] = 0, remote_data[0] = 1
Process 0: Execution finished, variable contents: localbuf[0] = 1, remote_data[0] = 1
[MUST-REPORT] Information: from: call MPI_Finalize@0-1: The following MPI functions were used but are not supported by MUST: 
[MUST-REPORT] gaspi_proc_rank
[MUST-REPORT] gaspi_proc_term
[MUST-REPORT]  References of a representative process:
[MUST-REPORT] Reference 1: call gaspi_proc_rankmain
[MUST-REPORT] /rmaracebench/results-20240406-163658/RMASanitizer/conflict/003-GASPI-conflict-write-write-local-no.c:36
[MUST-REPORT]  @rank 0, threadid 1;
[MUST-REPORT] Reference 2: call gaspi_proc_term??
[MUST-REPORT] ??:0
[MUST-REPORT]  @rank 0, threadid 1;
[MUST-REPORT] MUST detected no MPI usage errors nor any suspicious behavior during this application run.
rank 1 (of 2), pid 61236 caught signal nr 11
/rmaracebench/results-20240406-163658/RMASanitizer/conflict/003-GASPI-conflict-write-write-local-no.c.exe-must(backtrace+0xda)[0x5592ddb5ae2a]
/opt/rmasanitizer/modules//libcStratSimpleUp.so(+0x1ef18)[0x7f52ed7aff18]
/opt/rmasanitizer/modules//libcStratSimpleUp.so(_Z15mySignalHandleri+0x12b)[0x7f52ed7b005b]
/rmaracebench/results-20240406-163658/RMASanitizer/conflict/003-GASPI-conflict-write-write-local-no.c.exe-must(+0x2fb10)[0x5592ddb40b10]
/rmaracebench/results-20240406-163658/RMASanitizer/conflict/003-GASPI-conflict-write-write-local-no.c.exe-must(+0x30036)[0x5592ddb41036]
/lib/x86_64-linux-gnu/libc.so.6(+0x3c050)[0x7f52f02bf050]
/lib/x86_64-linux-gnu/libstdc++.so.6(_ZSt28_Rb_tree_rebalance_for_erasePSt18_Rb_tree_node_baseRS_+0x125)[0x7f52f0110285]
/opt/rmasanitizer/modules//libgenerateLocationId.so(_ZN3gti10ModuleBaseIN4must18GenerateLocationIdE20I_GenerateLocationIdLb0EE12freeInstanceEPS2_+0x1b0)[0x7f52eeb0ba70]
/opt/rmasanitizer/modules//libgenerateLocationId.so(freeInstanceGenerateLocationId+0x6)[0x7f52eeb0aa86]
/home/user/.cache/must/prebuilds/47db29af17fd8ef1795e84c042421780/modules//libweaver-wrapp-gen-output-1.so(_ZN3gti40GenWrapper_weaver_wrapp_gen_output_1_cppD1Ev+0x9a3)[0x7f52ed5dab03]
/home/user/.cache/must/prebuilds/47db29af17fd8ef1795e84c042421780/modules//libweaver-wrapp-gen-output-1.so(_ZN3gti40GenWrapper_weaver_wrapp_gen_output_1_cppD0Ev+0x9)[0x7f52ed5db449]
/home/user/.cache/must/prebuilds/47db29af17fd8ef1795e84c042421780/modules//libweaver-wrapp-gen-output-1.so(_ZN3gti10ModuleBaseINS_40GenWrapper_weaver_wrapp_gen_output_1_cppENS_8I_ModuleELb1EE12freeInstanceEPS1_+0x15d)[0x7f52ed5ea09d]
/home/user/.cache/must/prebuilds/47db29af17fd8ef1795e84c042421780/modules//libweaver-wrapp-gen-output-1.so(freeInstanceGenWrapper_weaver_wrapp_gen_output_1_cpp+0xd)[0x7f52ed5d422d]
/opt/rmasanitizer/modules//libthreadedAppPlace.so(_ZN3gti16ThreadedAppPlaceD2Ev+0x16a)[0x7f52ed75079a]
/opt/rmasanitizer/modules//libthreadedAppPlace.so(_ZN3gti16ThreadedAppPlaceD0Ev+0x9)[0x7f52ed750979]
/opt/rmasanitizer/modules//libthreadedAppPlace.so(_ZN3gti10ModuleBaseINS_16ThreadedAppPlaceENS_7I_PlaceELb1EE12freeInstanceEPS1_+0x15d)[0x7f52ed75145d]
/opt/rmasanitizer/modules//libthreadedAppPlace.so(MPI_Init_thread+0xf7)[0x7f52ed74e787]
/opt/rmasanitizer/lib/libpnmpi.so(NQJ_Init_thread+0x14d)[0x7f52f0c8783d]
/opt/rmasanitizer/lib/libpnmpi.so(XMPI_Init_thread_NewStack+0x4e)[0x7f52f0ce1fde]
/opt/rmasanitizer/modules//libthreadedAppStartup.so(_Z10threadProcPv+0x24)[0x7f52ef028224]
Waiting up to 30 seconds for analyses to be finished.
--------------------------------------------------------------------------
Primary job  terminated normally, but 1 process returned
a non-zero exit code. Per user-direction, the job has been aborted.
--------------------------------------------------------------------------
--------------------------------------------------------------------------
MPI_ABORT was invoked on rank 0 in communicator MPI_COMM_WORLD
with errorcode 143.

NOTE: invoking MPI_ABORT causes Open MPI to kill all MPI processes.
You may or may not see output from other processes, depending on
exactly when Open MPI kills them.
--------------------------------------------------------------------------
rank 0 (of 2), pid 61235 caught signal nr 15
--------------------------------------------------------------------------
mpiexec detected that one or more processes exited with non-zero status, thus causing
the job to be terminated. The first process to do so was:

  Process name: [[4584,1],1]
  Exit code:    1
--------------------------------------------------------------------------
[MUST] Execution finished.
