Using prebuild /home/user/.cache/must/prebuilds/3c2ca73a157a87e378c3713622357d8d
Using prebuild /home/user/.cache/must/prebuilds/3c2ca73a157a87e378c3713622357d8d
[MUST] MUST configuration ... distributed checks without application crash handling
[MUST] Information: overwritting old intermediate data in directory "/rmaracebench/must_temp"!
[MUST] Using prebuilt infrastructure at /home/user/.cache/must/prebuilds/3c2ca73a157a87e378c3713622357d8d
[MUST] Infrastructure in "/home/user/.cache/must/prebuilds/3c2ca73a157a87e378c3713622357d8d" is present and used.
[MUST] Search for linked P^nMPI ... not found ... using LD_PRELOAD to load P^nMPI ... success
[MUST] Note: Full ThreadSanitizer support requires the application to be built with either a GNU-based compiler in version 9 to 11 or an LLVM-based compiler in version 6 to 13.
[MUST] Note: MPI RMA support requires the application to be built with Clang >= 15.Executing application:
value is 0
==================
[1m[31mWARNING: ThreadSanitizer: data race (pid=19283)
[1m[0m[1m[34m  Write of size 4 at 0x7fff192cc9d0 by thread T4:
[1m[0m    #0 MPI_Get ??:? (libpnmpi.so+0x79120) (BuildId: 40155cd2ae9d02843876806004f4f5d1deba772e)
    #1 <null> <null> (0xfffffffffffffff)
    #2 <null> <null> (0x000100000000)
    #3 <null> <null> (0x000100000005)
    #4 main /rmaracebench/results-20240330-164421/MUST-RMA/sync/007-MPI-sync-lockall-flushlocalall-local-yes.c:63 (007-MPI-sync-lockall-flushlocalall-local-yes.c.exe-must+0xd5450) (BuildId: febfcbba45d27676a8bb2120735078772a4a6b62)

[1m[34m  Previous read of size 4 at 0x7fff192cc9d0 by main thread:
[1m[0m    #0 main /rmaracebench/results-20240330-164421/MUST-RMA/sync/007-MPI-sync-lockall-flushlocalall-local-yes.c:65 (007-MPI-sync-lockall-flushlocalall-local-yes.c.exe-must+0xd545c) (BuildId: febfcbba45d27676a8bb2120735078772a4a6b62)

[1m[32m  Location is stack of main thread.

[1m[0m[1m[32m  Location is global '<null>' at 0x000000000000 ([stack]+0x1e9d0)

[1m[0m[1m[36m  Thread T4 (tid=0, running) created by thread T3 at:
[1m[0m    #0 must::OriginChecks::OriginChecks(char const*) ??:? (liboriginChecks.so+0xd514) (BuildId: 3a9602517f730f7dbf92416737b1339479e18801)

SUMMARY: ThreadSanitizer: data race ??:? in MPI_Get
==================
Process 1: Execution finished, variable contents: value = 1, value2 = 2, win_base[0] = 0
Process 0: Execution finished, variable contents: value = 0, value2 = 2, win_base[0] = 0
/usr/bin/addr2line: '-f': No such file
[MUST-REPORT] Error: from: call main@0: Local buffer data race at rank 0 between a write of size 4 at MPI_Get@1 and a previous read of size 4 at main@2.
[MUST-REPORT]  Representative location:
[MUST-REPORT] #0  main@/rmaracebench/results-20240330-164421/MUST-RMA/sync/007-MPI-sync-lockall-flushlocalall-local-yes.c:65
[MUST-REPORT]  References of a representative process:
[MUST-REPORT] Reference 1: call MPI_Get@rank 0, threadid 1;
[MUST-REPORT] Stacktrace:
[MUST-REPORT] #0  main@/rmaracebench/results-20240330-164421/MUST-RMA/sync/007-MPI-sync-lockall-flushlocalall-local-yes.c:63
[MUST-REPORT] Reference 2: call mainmain
[MUST-REPORT] /rmaracebench/results-20240330-164421/MUST-RMA/sync/007-MPI-sync-lockall-flushlocalall-local-yes.c:65
[MUST-REPORT] @rank 0, threadid 0;
[MUST-REPORT] Stacktrace:
[MUST-REPORT] #0  main@/rmaracebench/results-20240330-164421/MUST-RMA/sync/007-MPI-sync-lockall-flushlocalall-local-yes.c:65
[MUST-REPORT] 
ThreadSanitizer: reported 1 warnings
[MUST] Execution finished.
