Using prebuild /home/user/.cache/must/prebuilds/3c2ca73a157a87e378c3713622357d8d
Using prebuild /home/user/.cache/must/prebuilds/3c2ca73a157a87e378c3713622357d8d
[MUST] MUST configuration ... distributed checks without application crash handling
[MUST] Information: overwritting old intermediate data in directory "/rmaracebench/must_temp"!
[MUST] Using prebuilt infrastructure at /home/user/.cache/must/prebuilds/3c2ca73a157a87e378c3713622357d8d
[MUST] Infrastructure in "/home/user/.cache/must/prebuilds/3c2ca73a157a87e378c3713622357d8d" is present and used.
[MUST] Search for linked P^nMPI ... not found ... using LD_PRELOAD to load P^nMPI ... success
[MUST] Note: Full ThreadSanitizer support requires the application to be built with either a GNU-based compiler in version 9 to 11 or an LLVM-based compiler in version 6 to 13.
[MUST] Note: MPI RMA support requires the application to be built with Clang >= 15.Executing application:
value is 0
==================
[1m[31mWARNING: ThreadSanitizer: data race (pid=19823)
[1m[0m[1m[34m  Write of size 4 at 0x7ffcb41d7b00 by thread T4:
[1m[0m    #0 MPI_Rget ??:? (libpnmpi.so+0x81dc0) (BuildId: 40155cd2ae9d02843876806004f4f5d1deba772e)
    #1 <null> <null> (0xfffffffffffffff)
    #2 <null> <null> (0x000100000000)
    #3 <null> <null> (0x000100000006)
    #4 main /rmaracebench/results-20240330-164421/MUST-RMA/sync/009-MPI-sync-request-local-yes.c:76 (009-MPI-sync-request-local-yes.c.exe-must+0xd5446) (BuildId: f9e647e7b33e74b831b40814880ea5e4d2ff5035)

[1m[34m  Previous read of size 4 at 0x7ffcb41d7b00 by main thread:
[1m[0m    #0 main /rmaracebench/results-20240330-164421/MUST-RMA/sync/009-MPI-sync-request-local-yes.c:78 (009-MPI-sync-request-local-yes.c.exe-must+0xd5452) (BuildId: f9e647e7b33e74b831b40814880ea5e4d2ff5035)

[1m[32m  Location is stack of main thread.

[1m[0m[1m[32m  Location is global '<null>' at 0x000000000000 ([stack]+0x1eb00)

[1m[0m[1m[36m  Thread T4 (tid=0, running) created by thread T3 at:
[1m[0m    #0 must::OriginChecks::OriginChecks(char const*) ??:? (liboriginChecks.so+0xd514) (BuildId: 3a9602517f730f7dbf92416737b1339479e18801)

SUMMARY: ThreadSanitizer: data race ??:? in MPI_Rget
==================
Process 0: Execution finished, variable contents: value = 0, value2 = 2, win_base[0] = 0
Process 1: Execution finished, variable contents: value = 1, value2 = 2, win_base[0] = 0
/usr/bin/addr2line: '-f': No such file
[MUST-REPORT] Error: from: call main@0: Local buffer data race at rank 0 between a write of size 4 at MPI_Rget@1 and a previous read of size 4 at main@2.
[MUST-REPORT]  Representative location:
[MUST-REPORT] #0  main@/rmaracebench/results-20240330-164421/MUST-RMA/sync/009-MPI-sync-request-local-yes.c:78
[MUST-REPORT]  References of a representative process:
[MUST-REPORT] Reference 1: call MPI_Rget@rank 0, threadid 1;
[MUST-REPORT] Stacktrace:
[MUST-REPORT] #0  main@/rmaracebench/results-20240330-164421/MUST-RMA/sync/009-MPI-sync-request-local-yes.c:76
[MUST-REPORT] Reference 2: call mainmain
[MUST-REPORT] /rmaracebench/results-20240330-164421/MUST-RMA/sync/009-MPI-sync-request-local-yes.c:78
[MUST-REPORT] @rank 0, threadid 0;
[MUST-REPORT] Stacktrace:
[MUST-REPORT] #0  main@/rmaracebench/results-20240330-164421/MUST-RMA/sync/009-MPI-sync-request-local-yes.c:78
[MUST-REPORT] 
ThreadSanitizer: reported 1 warnings
[MUST] Execution finished.
