Using prebuild /home/user/.cache/must/prebuilds/3c2ca73a157a87e378c3713622357d8d
Using prebuild /home/user/.cache/must/prebuilds/3c2ca73a157a87e378c3713622357d8d
[MUST] MUST configuration ... distributed checks without application crash handling
[MUST] Information: overwritting old intermediate data in directory "/rmaracebench/must_temp"!
[MUST] Using prebuilt infrastructure at /home/user/.cache/must/prebuilds/3c2ca73a157a87e378c3713622357d8d
[MUST] Infrastructure in "/home/user/.cache/must/prebuilds/3c2ca73a157a87e378c3713622357d8d" is present and used.
[MUST] Search for linked P^nMPI ... not found ... using LD_PRELOAD to load P^nMPI ... success
[MUST] Note: Full ThreadSanitizer support requires the application to be built with either a GNU-based compiler in version 9 to 11 or an LLVM-based compiler in version 6 to 13.
[MUST] Note: MPI RMA support requires the application to be built with Clang >= 15.Executing application:
win_base[0] is 0
==================
[1m[31mWARNING: ThreadSanitizer: data race (pid=21992)
[1m[0m[1m[34m  Write of size 4 at 0x7f0777302008 by thread T14:
[1m[0m    #0 MPI_Put ??:? (libpnmpi.so+0x80cf0) (BuildId: 40155cd2ae9d02843876806004f4f5d1deba772e)
    #1 <null> <null> (0xfffffffffffffff)
    #2 <null> <null> (0x000100000000)
    #3 <null> <null> (0x000100000005)
    #4 <null> <null> (0x563967bf244d)

[1m[34m  Previous read of size 4 at 0x7f0777302008 by main thread:
[1m[0m    #0 main /rmaracebench/results-20240330-164421/MUST-RMA/sync/017-MPI-sync-lockall-remote-yes.c:67 (017-MPI-sync-lockall-remote-yes.c.exe-must+0xd5474) (BuildId: 60ce360bd00ad3a0d7d7cee909d3aa8d2d0d28ae)

[1m[32m  Location is global '<null>' at 0x000000000000 (osc_rdma.e39e3696eb26.b02c0001.10 (deleted)+0x2008)

[1m[0m[1m[36m  Thread T14 'rank 0' (tid=0, running) created by thread T3 at:
[1m[0m    #0 must::TargetChecks::targetOpComplete(unsigned long, unsigned long, unsigned long*, int) ??:? (libtargetChecks.so+0xebaa) (BuildId: 6b27590dd1350e936e32ab923396e3367b186ac4)

SUMMARY: ThreadSanitizer: data race ??:? in MPI_Put
==================
Process 1: Execution finished, variable contents: value = 1, value2 = 2, win_base[0] = 1
Process 0: Execution finished, variable contents: value = 1, value2 = 2, win_base[0] = 0
/usr/bin/addr2line: '-f': No such file
[MUST-REPORT] Error: from: call main@1: Remote data race at rank 1 between a write of size 4 at MPI_Put@1 from rank 0 and a previous read of size 4 at main@2 from rank 1.
[MUST-REPORT]  Representative location:
[MUST-REPORT] #0  main@/rmaracebench/results-20240330-164421/MUST-RMA/sync/017-MPI-sync-lockall-remote-yes.c:67
[MUST-REPORT]  References of a representative process:
[MUST-REPORT] Reference 1: call MPI_Put@rank 0, threadid 1;
[MUST-REPORT] Stacktrace:
[MUST-REPORT] #0  main@/rmaracebench/results-20240330-164421/MUST-RMA/sync/017-MPI-sync-lockall-remote-yes.c:62
[MUST-REPORT] Reference 2: call mainmain
[MUST-REPORT] /rmaracebench/results-20240330-164421/MUST-RMA/sync/017-MPI-sync-lockall-remote-yes.c:67
[MUST-REPORT] @rank 1, threadid 0;
[MUST-REPORT] Stacktrace:
[MUST-REPORT] #0  main@/rmaracebench/results-20240330-164421/MUST-RMA/sync/017-MPI-sync-lockall-remote-yes.c:67
[MUST-REPORT] 
ThreadSanitizer: reported 1 warnings
[MUST] Execution finished.
