Using prebuild /home/user/.cache/must/prebuilds/3c2ca73a157a87e378c3713622357d8d
Using prebuild /home/user/.cache/must/prebuilds/3c2ca73a157a87e378c3713622357d8d
[MUST] MUST configuration ... distributed checks without application crash handling
[MUST] Information: overwritting old intermediate data in directory "/rmaracebench/must_temp"!
[MUST] Using prebuilt infrastructure at /home/user/.cache/must/prebuilds/3c2ca73a157a87e378c3713622357d8d
[MUST] Infrastructure in "/home/user/.cache/must/prebuilds/3c2ca73a157a87e378c3713622357d8d" is present and used.
[MUST] Search for linked P^nMPI ... not found ... using LD_PRELOAD to load P^nMPI ... success
[MUST] Note: Full ThreadSanitizer support requires the application to be built with either a GNU-based compiler in version 9 to 11 or an LLVM-based compiler in version 6 to 13.
[MUST] Note: MPI RMA support requires the application to be built with Clang >= 15.Executing application:
==================
[1m[31mWARNING: ThreadSanitizer: data race (pid=27244)
[1m[0m[1m[34m  Read of size 4 at 0x7f62c1213008 by thread T15:
[1m[0m    #0 MPI_Get ??:? (libpnmpi.so+0x79120) (BuildId: 40155cd2ae9d02843876806004f4f5d1deba772e)
    #1 <null> <null> (0xfffffffffffffff)
    #2 <null> <null> (0x000100000001)
    #3 <null> <null> (0x000100000008)
    #4 <null> <null> (0x555e0b4cb4f9)

[1m[34m  Previous write of size 4 at 0x7f62c1213008 by thread T14:
[1m[0m    #0 MPI_Put ??:? (libpnmpi.so+0x80cf0) (BuildId: 40155cd2ae9d02843876806004f4f5d1deba772e)
    #1 <null> <null> (0xfffffffffffffff)
    #2 <null> <null> (0x000100000000)
    #3 <null> <null> (0x000100000008)
    #4 <null> <null> (0x55f098c52599)

[1m[32m  Location is global '<null>' at 0x000000000000 (osc_rdma.e39e3696eb26.8fa90001.10 (deleted)+0x3008)

[1m[0m[1m[36m  Thread T15 'rank 1' (tid=0, running) created by thread T3 at:
[1m[0m    #0 must::TargetChecks::targetOpComplete(unsigned long, unsigned long, unsigned long*, int) ??:? (libtargetChecks.so+0xebaa) (BuildId: 6b27590dd1350e936e32ab923396e3367b186ac4)

[1m[36m  Thread T14 'rank 0' (tid=0, running) created by thread T3 at:
[1m[0m    #0 must::TargetChecks::targetOpComplete(unsigned long, unsigned long, unsigned long*, int) ??:? (libtargetChecks.so+0xebaa) (BuildId: 6b27590dd1350e936e32ab923396e3367b186ac4)

SUMMARY: ThreadSanitizer: data race ??:? in MPI_Get
==================
Process 2: Execution finished, variable contents: value = 1, value2 = 2, win_base[0] = 42
Process 0: Execution finished, variable contents: value = 1, value2 = 2, win_base[0] = 0
Process 1: Execution finished, variable contents: value = 1, value2 = 2, win_base[0] = 0
/usr/bin/addr2line: '-f': No such file
/usr/bin/addr2line: '-f': No such file
[MUST-REPORT] Error: from: call MPI_Init_thread@2: Remote data race at rank 2 between a read of size 4 at MPI_Get@1 from rank 1 and a previous write of size 4 at MPI_Put@2 from rank 0.
[MUST-REPORT]  Representative location:
[MUST-REPORT] #0  main@/rmaracebench/results-20240330-164421/MUST-RMA/sync/035-MPI-sync-pscw-remote-yes.c:42
[MUST-REPORT]  References of a representative process:
[MUST-REPORT] Reference 1: call MPI_Get@rank 1, threadid 1;
[MUST-REPORT] Stacktrace:
[MUST-REPORT] #0  main@/rmaracebench/results-20240330-164421/MUST-RMA/sync/035-MPI-sync-pscw-remote-yes.c:82
[MUST-REPORT] Reference 2: call MPI_Put@rank 0, threadid 1;
[MUST-REPORT] Stacktrace:
[MUST-REPORT] #0  main@/rmaracebench/results-20240330-164421/MUST-RMA/sync/035-MPI-sync-pscw-remote-yes.c:73
[MUST-REPORT] 
/usr/bin/addr2line: '-f': No such file
/usr/bin/addr2line: '-f': No such file
[MUST-REPORT] Error: from: call MPI_Comm_group@0-1: There are 2 groups that are not freed when MPI_Finalize was issued, a quality application should free all MPI resources before calling MPI_Finalize. Listing information for these groups:
[MUST-REPORT] 
[MUST-REPORT]  -Group 1: Group created at reference  1 size=3
[MUST-REPORT] 
[MUST-REPORT]  -Group 2: Group created at reference  2 size=1
[MUST-REPORT]  Representative location:
[MUST-REPORT] #0  main@/rmaracebench/results-20240330-164421/MUST-RMA/sync/035-MPI-sync-pscw-remote-yes.c:61
[MUST-REPORT]  References of a representative process:
[MUST-REPORT] Reference 1: call MPI_Comm_group@rank 1, threadid 1;
[MUST-REPORT] Stacktrace:
[MUST-REPORT] #0  main@/rmaracebench/results-20240330-164421/MUST-RMA/sync/035-MPI-sync-pscw-remote-yes.c:61
[MUST-REPORT] Reference 2: call MPI_Group_incl@rank 1, threadid 1;
[MUST-REPORT] Stacktrace:
[MUST-REPORT] #0  main@/rmaracebench/results-20240330-164421/MUST-RMA/sync/035-MPI-sync-pscw-remote-yes.c:78
[MUST-REPORT] 
/usr/bin/addr2line: '-f': No such file
/usr/bin/addr2line: '-f': No such file
[MUST-REPORT] Error: from: call MPI_Comm_group@2: There are 2 groups that are not freed when MPI_Finalize was issued, a quality application should free all MPI resources before calling MPI_Finalize. Listing information for these groups:
[MUST-REPORT] 
[MUST-REPORT]  -Group 1: Group created at reference  1 size=3
[MUST-REPORT] 
[MUST-REPORT]  -Group 2: Group created at reference  2 size=2
[MUST-REPORT]  Representative location:
[MUST-REPORT] #0  main@/rmaracebench/results-20240330-164421/MUST-RMA/sync/035-MPI-sync-pscw-remote-yes.c:61
[MUST-REPORT]  References of a representative process:
[MUST-REPORT] Reference 1: call MPI_Comm_group@rank 2, threadid 1;
[MUST-REPORT] Stacktrace:
[MUST-REPORT] #0  main@/rmaracebench/results-20240330-164421/MUST-RMA/sync/035-MPI-sync-pscw-remote-yes.c:61
[MUST-REPORT] Reference 2: call MPI_Group_incl@rank 2, threadid 1;
[MUST-REPORT] Stacktrace:
[MUST-REPORT] #0  main@/rmaracebench/results-20240330-164421/MUST-RMA/sync/035-MPI-sync-pscw-remote-yes.c:88
[MUST-REPORT] 
ThreadSanitizer: reported 1 warnings
[MUST] Execution finished.
