Using prebuild /home/user/.cache/must/prebuilds/3c2ca73a157a87e378c3713622357d8d
Using prebuild /home/user/.cache/must/prebuilds/3c2ca73a157a87e378c3713622357d8d
[MUST] MUST configuration ... distributed checks without application crash handling
[MUST] Information: overwritting old intermediate data in directory "/rmaracebench/must_temp"!
[MUST] Using prebuilt infrastructure at /home/user/.cache/must/prebuilds/3c2ca73a157a87e378c3713622357d8d
[MUST] Weaver ... success
[MUST] Generating P^nMPI configuration ... success
[MUST] Infrastructure in "/home/user/.cache/must/prebuilds/3c2ca73a157a87e378c3713622357d8d" is present and used.
[MUST] Search for linked P^nMPI ... not found ... using LD_PRELOAD to load P^nMPI ... success
[MUST] Note: Full ThreadSanitizer support requires the application to be built with either a GNU-based compiler in version 9 to 11 or an LLVM-based compiler in version 6 to 13.
[MUST] Note: MPI RMA support requires the application to be built with Clang >= 15.Executing application:
insert (win 135531988118016): 0x7b1000024fb8
==================
[1m[31mWARNING: ThreadSanitizer: double lock of a mutex (pid=27599)
[1m[0m    #0 AnnotateRWLockAcquired /externals/MUST-RMA/externals/RMAOptimizerPlugin/external/compiler-rt/compiler-rt/lib/tsan/rtl/tsan_interface_ann.cpp:190 (036-MPI-sync-polling-remote-yes.c.exe-must+0x79469) (BuildId: d4e22f9a14573455bce53eec7cf69a536c2743f9)
    #1 must::TargetChecks::targetOpComplete(unsigned long, unsigned long, unsigned long*, int) ??:? (libtargetChecks.so+0xed42) (BuildId: 6b27590dd1350e936e32ab923396e3367b186ac4)

[1m[32m  Location is heap block of size 64 at 0x7b1000024f80 allocated by main thread:
[1m[0m    #0 malloc /externals/MUST-RMA/externals/RMAOptimizerPlugin/external/compiler-rt/compiler-rt/lib/tsan/rtl/tsan_interceptors_posix.cpp:692 (036-MPI-sync-polling-remote-yes.c.exe-must+0x25dbc) (BuildId: d4e22f9a14573455bce53eec7cf69a536c2743f9)
    #1 must::DataPool<must::AnnData, 4>::newDatas() ??:? (libappThrAnn.so+0x103e5) (BuildId: d3185cffe810aa21e19b058872cf7c52728385ef)
    #2 __libc_init_first ??:? (libc.so.6+0x27249) (BuildId: 82ce4e6e4ef08fa58a3535f7437bd3e592db5ac0)

[1m[35m  Mutex M0 (0x7b1000024fb8) created at:
[1m[0m    #0 AnnotateRWLockAcquired /externals/MUST-RMA/externals/RMAOptimizerPlugin/external/compiler-rt/compiler-rt/lib/tsan/rtl/tsan_interface_ann.cpp:190 (036-MPI-sync-polling-remote-yes.c.exe-must+0x79469) (BuildId: d4e22f9a14573455bce53eec7cf69a536c2743f9)
    #1 must::AppThrAnn::winLock(unsigned long, unsigned long, int, int, unsigned long) ??:? (libappThrAnn.so+0xd954) (BuildId: d3185cffe810aa21e19b058872cf7c52728385ef)
    #2 __libc_init_first ??:? (libc.so.6+0x27249) (BuildId: 82ce4e6e4ef08fa58a3535f7437bd3e592db5ac0)

SUMMARY: ThreadSanitizer: double lock of a mutex ??:? in must::TargetChecks::targetOpComplete(unsigned long, unsigned long, unsigned long*, int)
==================
==================
[1m[31mWARNING: ThreadSanitizer: data race (pid=27599)
[1m[0m[1m[34m  Write of size 4 at 0x7f08cff02008 by thread T14 (mutexes: write M0):
[1m[0m    #0 MPI_Put ??:? (libpnmpi.so+0x80cf0) (BuildId: 40155cd2ae9d02843876806004f4f5d1deba772e)
    #1 <null> <null> (0xfffffffffffffff)
    #2 <null> <null> (0x000100000000)
    #3 <null> <null> (0x000100000006)
    #4 <null> <null> (0x55edaacae4e1)

[1m[34m  Previous read of size 4 at 0x7f08cff02008 by main thread:
[1m[0m    #0 main /rmaracebench/results-20240330-164421/MUST-RMA/sync/036-MPI-sync-polling-remote-yes.c:71 (036-MPI-sync-polling-remote-yes.c.exe-must+0xd5433) (BuildId: d4e22f9a14573455bce53eec7cf69a536c2743f9)

[1m[32m  Location is global '<null>' at 0x000000000000 (osc_rdma.e39e3696eb26.8e050001.10 (deleted)+0x2008)

[1m[0m[1m[35m  Mutex M0 (0x7b1000024fb8) created at:
[1m[0m    #0 AnnotateRWLockAcquired /externals/MUST-RMA/externals/RMAOptimizerPlugin/external/compiler-rt/compiler-rt/lib/tsan/rtl/tsan_interface_ann.cpp:190 (036-MPI-sync-polling-remote-yes.c.exe-must+0x79469) (BuildId: d4e22f9a14573455bce53eec7cf69a536c2743f9)
    #1 must::AppThrAnn::winLock(unsigned long, unsigned long, int, int, unsigned long) ??:? (libappThrAnn.so+0xd954) (BuildId: d3185cffe810aa21e19b058872cf7c52728385ef)
    #2 __libc_init_first ??:? (libc.so.6+0x27249) (BuildId: 82ce4e6e4ef08fa58a3535f7437bd3e592db5ac0)

[1m[36m  Thread T14 'rank 0' (tid=0, running) created by thread T3 at:
[1m[0m    #0 must::TargetChecks::targetOpComplete(unsigned long, unsigned long, unsigned long*, int) ??:? (libtargetChecks.so+0xebaa) (BuildId: 6b27590dd1350e936e32ab923396e3367b186ac4)

SUMMARY: ThreadSanitizer: data race ??:? in MPI_Put
==================
Process 0: Execution finished, variable contents: value = 1, value2 = 2, win_base[0] = 0
Process 1: Execution finished, variable contents: value = 1, value2 = 2, win_base[0] = 1
/usr/bin/addr2line: '-f': No such file
[MUST-REPORT] Error: from: call main@1: Remote data race at rank 1 between a write of size 4 at MPI_Put@1 from rank 0 and a previous read of size 4 at main@2 from rank 1.
[MUST-REPORT]  Representative location:
[MUST-REPORT] #0  main@/rmaracebench/results-20240330-164421/MUST-RMA/sync/036-MPI-sync-polling-remote-yes.c:71
[MUST-REPORT]  References of a representative process:
[MUST-REPORT] Reference 1: call MPI_Put@rank 0, threadid 1;
[MUST-REPORT] Stacktrace:
[MUST-REPORT] #0  main@/rmaracebench/results-20240330-164421/MUST-RMA/sync/036-MPI-sync-polling-remote-yes.c:65
[MUST-REPORT] Reference 2: call mainmain
[MUST-REPORT] /rmaracebench/results-20240330-164421/MUST-RMA/sync/036-MPI-sync-polling-remote-yes.c:71
[MUST-REPORT] @rank 1, threadid 0;
[MUST-REPORT] Stacktrace:
[MUST-REPORT] #0  main@/rmaracebench/results-20240330-164421/MUST-RMA/sync/036-MPI-sync-polling-remote-yes.c:71
[MUST-REPORT] 
ThreadSanitizer: reported 2 warnings
[MUST] Execution finished.
