===========================
===  PARCOACH ANALYSIS  ===
===========================
===========================
ANALYZING function main...
(1) Get statistics ...done 
(2) Local concurrency errors detection ...LocalConcurrency detected: conflit with the following instructions: 
  %57 = load i32, ptr %10, align 4, !dbg !128 - LINE 66 in results-20240330-164421/PARCOACH-static/sync/012-MPI-sync-pscw-local-no.c
AND
  %54 = call i32 @MPI_Get(ptr noundef %10, i32 noundef 1, ptr noundef @ompi_mpi_int, i32 noundef 1, i64 noundef 0, i32 noundef 1, ptr noundef @ompi_mpi_int, ptr noundef %53), !dbg !125 - LINE 64 in results-20240330-164421/PARCOACH-static/sync/012-MPI-sync-pscw-local-no.c
LocalConcurrency detected: conflit with the following instructions: 
  %70 = load i32, ptr %10, align 4, !dbg !145 - LINE 79 in results-20240330-164421/PARCOACH-static/sync/012-MPI-sync-pscw-local-no.c
AND
  %54 = call i32 @MPI_Get(ptr noundef %10, i32 noundef 1, ptr noundef @ompi_mpi_int, i32 noundef 1, i64 noundef 0, i32 noundef 1, ptr noundef @ompi_mpi_int, ptr noundef %53), !dbg !125 - LINE 64 in results-20240330-164421/PARCOACH-static/sync/012-MPI-sync-pscw-local-no.c
LocalConcurrency detected: conflit with the following instructions: 
  %74 = load i32, ptr %73, align 4, !dbg !147 - LINE 81 in results-20240330-164421/PARCOACH-static/sync/012-MPI-sync-pscw-local-no.c
AND
  %54 = call i32 @MPI_Get(ptr noundef %10, i32 noundef 1, ptr noundef @ompi_mpi_int, i32 noundef 1, i64 noundef 0, i32 noundef 1, ptr noundef @ompi_mpi_int, ptr noundef %53), !dbg !125 - LINE 64 in results-20240330-164421/PARCOACH-static/sync/012-MPI-sync-pscw-local-no.c
done 
(3) Instrumentation for dynamic analysis ...done 
=== STATISTICS === 
17 MPI functions including 3 RMA functions 
= WINDOW CREATION/DESTRUCTION: 1 MPI_Win_free, 1 MPI_Win_create 
= EPOCH CREATION/DESTRUCTION: 0 MPI_Win_fence, 0 MPI_Lock, 0 MPI_Lockall 0 MPI_Unlock, 0 MPI_Unlockall 
= ONE-SIDED COMMUNICATIONS: 1 MPI_Get, 0 MPI_Put, 0 MPI_Accumulate 
= SYNCHRONIZATION: 0 MPI_Win_Flush 
LOAD/STORE STATISTICS: 0 (/22) LOAD and 0 (/11) STORE are instrumented
===========================
