Using prebuild /home/user/.cache/must/prebuilds/47db29af17fd8ef1795e84c042421780
Using prebuild /home/user/.cache/must/prebuilds/47db29af17fd8ef1795e84c042421780
[MUST] MUST configuration ... centralized checks with fall-back application crash handling (very slow)
[MUST] Information: overwritting old intermediate data in directory "/rmaracebench/must_temp"!
[MUST] Using prebuilt infrastructure at /home/user/.cache/must/prebuilds/47db29af17fd8ef1795e84c042421780
[MUST] Infrastructure in "/home/user/.cache/must/prebuilds/47db29af17fd8ef1795e84c042421780" is present and used.
[MUST] Search for linked P^nMPI ... not found ... using LD_PRELOAD to load P^nMPI ... success
[MUST] Note: MPI RMA support requires the application to be built with Clang >= 15.Executing application:
PE 0: localbuf = 42, remote = 0, 
PE 1: localbuf = 1, remote = 1, 
Process 0: Execution finished, variable contents: remote = 0, localbuf = 42
Process 1: Execution finished, variable contents: remote = 1, localbuf = 1
[MUST-REPORT] Error: from: call @0: Local buffer data race at rank 0 between a read of size 4 at  References of a representative process:
[MUST-REPORT] Reference 1: call shmem_int_put_signal_nbimain
[MUST-REPORT] /rmaracebench/results-20240409-163106/RMASanitizer/conflict/008-shmem-conflict-put_signal_nbi-store-local-yes.c:49
[MUST-REPORT]  @rank 0, threadid 1;
[MUST-REPORT] Reference 2: call main
[MUST-REPORT] /rmaracebench/results-20240409-163106/RMASanitizer/conflict/008-shmem-conflict-put_signal_nbi-store-local-yes.c:51
[MUST-REPORT]  @rank 0, threadid 0;
[MUST] Execution finished.
