Using prebuild /home/user/.cache/must/prebuilds/3ceb8dba3ca5ad416757181e9fcd32f3
Using prebuild /home/user/.cache/must/prebuilds/3ceb8dba3ca5ad416757181e9fcd32f3
[MUST] MUST configuration ... centralized checks with fall-back application crash handling (very slow)
[MUST] Information: overwritting old intermediate data in directory "/rmaracebench/must_temp"!
[MUST] Using prebuilt infrastructure at /home/user/.cache/must/prebuilds/3ceb8dba3ca5ad416757181e9fcd32f3
[MUST] Weaver ... success
[MUST] Generating P^nMPI configuration ... success
[MUST] Infrastructure in "/home/user/.cache/must/prebuilds/3ceb8dba3ca5ad416757181e9fcd32f3" is present and used.
[MUST] Search for linked P^nMPI ... not found ... using LD_PRELOAD to load P^nMPI ... success
[MUST] Note: MPI RMA support requires the application to be built with Clang >= 15.Executing application:
PE 0: localbuf = 1, remote = 0, 
remote is 0PE 1: localbuf = 1, remote = 1, 
Process 0: Execution finished, variable contents: remote = 0, localbuf = 1
Process 1: Execution finished, variable contents: remote = 1, localbuf = 1
[MUST-REPORT] Error: from: call @1: Remote data race at rank 1 between a write of size 4 at  Concurrent region of reference 1 started at reference 3 and ended at reference 4. 
[MUST-REPORT]  References of a representative process:
[MUST-REPORT] Reference 1: call shmem_int_putmain
[MUST-REPORT] /rmaracebench/results-20240330-172552/RMASanitizer/conflict/022-shmem-conflict-put-load-remote-yes.c:48
[MUST-REPORT]  @rank 0, threadid 1;
[MUST-REPORT] Reference 2: call main
[MUST-REPORT] /rmaracebench/results-20240330-172552/RMASanitizer/conflict/022-shmem-conflict-put-load-remote-yes.c:53
[MUST-REPORT]  @rank 1, threadid 0;
[MUST-REPORT] Reference 3: call shmem_barrier_allmain
[MUST-REPORT] /rmaracebench/results-20240330-172552/RMASanitizer/conflict/022-shmem-conflict-put-load-remote-yes.c:44
[MUST-REPORT]  @rank 1, threadid 0;
[MUST-REPORT] Reference 4: call shmem_barrier_allmain
[MUST-REPORT] /rmaracebench/results-20240330-172552/RMASanitizer/conflict/022-shmem-conflict-put-load-remote-yes.c:56
[MUST-REPORT]  @rank 1, threadid 0;
[MUST] Execution finished.
