Using prebuild /home/user/.cache/must/prebuilds/3ceb8dba3ca5ad416757181e9fcd32f3
Using prebuild /home/user/.cache/must/prebuilds/3ceb8dba3ca5ad416757181e9fcd32f3
[MUST] MUST configuration ... centralized checks with fall-back application crash handling (very slow)
[MUST] Information: overwritting old intermediate data in directory "/rmaracebench/must_temp"!
[MUST] Using prebuilt infrastructure at /home/user/.cache/must/prebuilds/3ceb8dba3ca5ad416757181e9fcd32f3
[MUST] Weaver ... success
[MUST] Generating P^nMPI configuration ... success
[MUST] Infrastructure in "/home/user/.cache/must/prebuilds/3ceb8dba3ca5ad416757181e9fcd32f3" is present and used.
[MUST] Search for linked P^nMPI ... not found ... using LD_PRELOAD to load P^nMPI ... success
[MUST] Note: MPI RMA support requires the application to be built with Clang >= 15.Executing application:
Process 0: Execution finished, variable contents: value = 1, value2 = 2, win_base[0] = 0
Process 1: Execution finished, variable contents: value = 1, value2 = 2, win_base[0] = 1065353217
[MUST-REPORT] Error: from: call MPI_Accumulate@0: Found RMA data race (overlapping accesses) on rank 1 originating from rank 0 References of a representative process:
[MUST-REPORT] Reference 1: call MPI_Accumulatemain
[MUST-REPORT] /rmaracebench/results-20240330-171252/RMASanitizer/atomic/007-MPI-atomic-float-int-sameorigin-remote-yes.c:65
[MUST-REPORT]  @rank 0, threadid 1;
[MUST-REPORT] Reference 2: call MPI_Accumulatemain
[MUST-REPORT] /rmaracebench/results-20240330-171252/RMASanitizer/atomic/007-MPI-atomic-float-int-sameorigin-remote-yes.c:63
[MUST-REPORT]  @rank 0, threadid 1;
[MUST] Execution finished.
