Using prebuild /home/user/.cache/must/prebuilds/47db29af17fd8ef1795e84c042421780
Using prebuild /home/user/.cache/must/prebuilds/47db29af17fd8ef1795e84c042421780
[MUST] MUST configuration ... centralized checks with fall-back application crash handling (very slow)
[MUST] Information: overwritting old intermediate data in directory "/rmaracebench/must_temp"!
[MUST] Using prebuilt infrastructure at /home/user/.cache/must/prebuilds/47db29af17fd8ef1795e84c042421780
[MUST] Infrastructure in "/home/user/.cache/must/prebuilds/47db29af17fd8ef1795e84c042421780" is present and used.
[MUST] Search for linked P^nMPI ... not found ... using LD_PRELOAD to load P^nMPI ... success
[MUST] Note: MPI RMA support requires the application to be built with Clang >= 15.Executing application:
localbuf is 1
[MUST-RUNTIME] [RMASanitize] epoch counter not found for context 1this should not happen.
localbuf is 0
[MUST-RUNTIME] Skip TargetRMAOp from rank 0 with unknown start point.
remote is 0
Process 0: Execution finished, variable contents: remote = 0, localbuf = 0
Process 1: Execution finished, variable contents: remote = 0, localbuf = 1
[MUST-REPORT] Error: from: call @0: Local buffer data race at rank 0 between a write of size 4 at  References of a representative process:
[MUST-REPORT] Reference 1: call shmem_int_get_nbi.omp_outlined._debug__
[MUST-REPORT] /rmaracebench/results-20240406-162207/RMASanitizer/hybrid/006-shmem-hybrid-single-local-yes.c:53
[MUST-REPORT]  @rank 0, threadid 1;
[MUST-REPORT] Reference 2: call .omp_outlined._debug__
[MUST-REPORT] /rmaracebench/results-20240406-162207/RMASanitizer/hybrid/006-shmem-hybrid-single-local-yes.c:58
[MUST-REPORT]  @rank 0, threadid 0;
[MUST-REPORT] Information: from: call MPI_Finalize@1: The following MPI functions were used but are not supported by MUST: 
[MUST-REPORT] shmem_sync_all
[MUST-REPORT]  References of a representative process:
[MUST-REPORT] Reference 1: call shmem_sync_allmain
[MUST-REPORT] /rmaracebench/results-20240406-162207/RMASanitizer/hybrid/006-shmem-hybrid-single-local-yes.c:64
[MUST-REPORT]  @rank 1, threadid 1;
[MUST-REPORT] Information: from: call MPI_Finalize@0: The following MPI functions were used but are not supported by MUST: 
[MUST-REPORT] shmem_int_get_nbi
[MUST-REPORT] shmem_sync_all
[MUST-REPORT]  References of a representative process:
[MUST-REPORT] Reference 1: call shmem_int_get_nbi.omp_outlined._debug__
[MUST-REPORT] /rmaracebench/results-20240406-162207/RMASanitizer/hybrid/006-shmem-hybrid-single-local-yes.c:53
[MUST-REPORT]  @rank 0, threadid 1;
[MUST-REPORT] Reference 2: call shmem_sync_allmain
[MUST-REPORT] /rmaracebench/results-20240406-162207/RMASanitizer/hybrid/006-shmem-hybrid-single-local-yes.c:60
[MUST-REPORT]  @rank 0, threadid 1;
[MUST] Execution finished.
