Using prebuild /home/user/.cache/must/prebuilds/47db29af17fd8ef1795e84c042421780
Using prebuild /home/user/.cache/must/prebuilds/47db29af17fd8ef1795e84c042421780
[MUST] MUST configuration ... centralized checks with fall-back application crash handling (very slow)
[MUST] Information: overwritting old intermediate data in directory "/rmaracebench/must_temp"!
[MUST] Using prebuilt infrastructure at /home/user/.cache/must/prebuilds/47db29af17fd8ef1795e84c042421780
[MUST] Infrastructure in "/home/user/.cache/must/prebuilds/47db29af17fd8ef1795e84c042421780" is present and used.
[MUST] Search for linked P^nMPI ... not found ... using LD_PRELOAD to load P^nMPI ... success
[MUST] Note: MPI RMA support requires the application to be built with Clang >= 15.Executing application:
Process 0: Execution finished, variable contents: value = 1, value2 = 2, win_base[0] = 0
Process 1: Execution finished, variable contents: value = 1, value2 = 2, win_base[0] = 0
Process 2: Execution finished, variable contents: value = 1, value2 = 2, win_base[0] = 42
[MUST-REPORT] Error: from: call MPI_Comm_group@0-1: There are 2 groups that are not freed when MPI_Finalize was issued, a quality application should free all MPI resources before calling MPI_Finalize. Listing information for these groups:
[MUST-REPORT] 
[MUST-REPORT]  -Group 1: Group created at reference  1 size=3
[MUST-REPORT] 
[MUST-REPORT]  -Group 2: Group created at reference  2 size=1 References of a representative process:
[MUST-REPORT] Reference 1: call MPI_Comm_groupmain
[MUST-REPORT] /rmaracebench/results-20240406-161127/RMASanitizer/sync/034-MPI-sync-pscw-remote-no.c:58
[MUST-REPORT]  @rank 1, threadid 1;
[MUST-REPORT] Reference 2: call MPI_Group_inclmain
[MUST-REPORT] /rmaracebench/results-20240406-161127/RMASanitizer/sync/034-MPI-sync-pscw-remote-no.c:74
[MUST-REPORT]  @rank 1, threadid 1;
[MUST-REPORT] Error: from: call MPI_Comm_group@2: There are 3 groups that are not freed when MPI_Finalize was issued, a quality application should free all MPI resources before calling MPI_Finalize. Listing information for these groups:
[MUST-REPORT] 
[MUST-REPORT]  -Group 1: Group created at reference  1 size=3
[MUST-REPORT] 
[MUST-REPORT]  -Group 2: Group created at reference  2 size=1
[MUST-REPORT] 
[MUST-REPORT]  -Group 3: Group created at reference  3 size=1 References of a representative process:
[MUST-REPORT] Reference 1: call MPI_Comm_groupmain
[MUST-REPORT] /rmaracebench/results-20240406-161127/RMASanitizer/sync/034-MPI-sync-pscw-remote-no.c:58
[MUST-REPORT]  @rank 2, threadid 1;
[MUST-REPORT] Reference 2: call MPI_Group_inclmain
[MUST-REPORT] /rmaracebench/results-20240406-161127/RMASanitizer/sync/034-MPI-sync-pscw-remote-no.c:87
[MUST-REPORT]  @rank 2, threadid 1;
[MUST-REPORT] Reference 3: call MPI_Group_inclmain
[MUST-REPORT] /rmaracebench/results-20240406-161127/RMASanitizer/sync/034-MPI-sync-pscw-remote-no.c:83
[MUST-REPORT]  @rank 2, threadid 1;
[MUST] Execution finished.
