Using prebuild /home/user/.cache/must/prebuilds/47db29af17fd8ef1795e84c042421780
Using prebuild /home/user/.cache/must/prebuilds/47db29af17fd8ef1795e84c042421780
[MUST] MUST configuration ... centralized checks with fall-back application crash handling (very slow)
[MUST] Information: overwritting old intermediate data in directory "/rmaracebench/must_temp"!
[MUST] Using prebuilt infrastructure at /home/user/.cache/must/prebuilds/47db29af17fd8ef1795e84c042421780
[MUST] Infrastructure in "/home/user/.cache/must/prebuilds/47db29af17fd8ef1795e84c042421780" is present and used.
[MUST] Search for linked P^nMPI ... not found ... using LD_PRELOAD to load P^nMPI ... success
[MUST] Note: MPI RMA support requires the application to be built with Clang >= 15.Executing application:
localbuf is 0
PE 0: localbuf = 0, remote = 0, 
PE 1: localbuf = 1, remote = 0, 
Process 0: Execution finished, variable contents: remote = 0, localbuf = 0
Process 1: Execution finished, variable contents: remote = 0, localbuf = 1
[MUST-REPORT] Information: from: call MPI_Finalize@0: The following MPI functions were used but are not supported by MUST: 
[MUST-REPORT] shmem_int_get_nbi
[MUST-REPORT]  References of a representative process:
[MUST-REPORT] Reference 1: call shmem_int_get_nbimain
[MUST-REPORT] /rmaracebench/results-20240406-162207/RMASanitizer/sync/002-shmem-sync-barrierall-local-no.c:49
[MUST-REPORT]  @rank 0, threadid 1;
[MUST-REPORT] MUST detected no MPI usage errors nor any suspicious behavior during this application run.
[MUST] Execution finished.
