Using prebuild /home/user/.cache/must/prebuilds/3ceb8dba3ca5ad416757181e9fcd32f3
Using prebuild /home/user/.cache/must/prebuilds/3ceb8dba3ca5ad416757181e9fcd32f3
[MUST] MUST configuration ... centralized checks with fall-back application crash handling (very slow)
[MUST] Information: overwritting old intermediate data in directory "/rmaracebench/must_temp"!
[MUST] Using prebuilt infrastructure at /home/user/.cache/must/prebuilds/3ceb8dba3ca5ad416757181e9fcd32f3
[MUST] Infrastructure in "/home/user/.cache/must/prebuilds/3ceb8dba3ca5ad416757181e9fcd32f3" is present and used.
[MUST] Search for linked P^nMPI ... not found ... using LD_PRELOAD to load P^nMPI ... success
[MUST] Note: MPI RMA support requires the application to be built with Clang >= 15.Executing application:
PE 0: localbuf = 42, remote = 0, 
PE 1: localbuf = 1, remote = 42, 
Process 0: Execution finished, variable contents: remote = 0, localbuf = 42
Process 1: Execution finished, variable contents: remote = 42, localbuf = 1
[MUST-REPORT] Error: from: call shmem_int_get@0: Found RMA data race (overlapping accesses) on rank 1 originating from rank 0 References of a representative process:
[MUST-REPORT] Reference 1: call shmem_int_getmain
[MUST-REPORT] /rmaracebench/results-20240330-172552/RMASanitizer/sync/003-shmem-sync-barrierall-remote-yes.c:56
[MUST-REPORT]  @rank 0, threadid 1;
[MUST-REPORT] Reference 2: call shmem_int_putmain
[MUST-REPORT] /rmaracebench/results-20240330-172552/RMASanitizer/sync/003-shmem-sync-barrierall-remote-yes.c:54
[MUST-REPORT]  @rank 0, threadid 1;
[MUST] Execution finished.
