Using prebuild /home/user/.cache/must/prebuilds/47db29af17fd8ef1795e84c042421780
Using prebuild /home/user/.cache/must/prebuilds/47db29af17fd8ef1795e84c042421780
[MUST] MUST configuration ... centralized checks with fall-back application crash handling (very slow)
[MUST] Information: overwritting old intermediate data in directory "/rmaracebench/must_temp"!
[MUST] Using prebuilt infrastructure at /home/user/.cache/must/prebuilds/47db29af17fd8ef1795e84c042421780
[MUST] Infrastructure in "/home/user/.cache/must/prebuilds/47db29af17fd8ef1795e84c042421780" is present and used.
[MUST] Search for linked P^nMPI ... not found ... using LD_PRELOAD to load P^nMPI ... success
[MUST] Note: MPI RMA support requires the application to be built with Clang >= 15.Executing application:
PE 0: localbuf = 42, remote = 0, 
PE 1: localbuf = 1, remote = 42, 
Process 0: Execution finished, variable contents: remote = 0, localbuf = 42
Process 1: Execution finished, variable contents: remote = 42, localbuf = 1
[MUST-REPORT] MUST detected no MPI usage errors nor any suspicious behavior during this application run.
--------------------------------------------------------------------------
Primary job  terminated normally, but 1 process returned
a non-zero exit code. Per user-direction, the job has been aborted.
--------------------------------------------------------------------------
--------------------------------------------------------------------------
mpiexec noticed that process rank 1 with PID 0 on node 2d4db3254d3c exited on signal 4 (Illegal instruction).
--------------------------------------------------------------------------
[MUST] Execution finished.
