Using prebuild /home/user/.cache/must/prebuilds/3ceb8dba3ca5ad416757181e9fcd32f3
Using prebuild /home/user/.cache/must/prebuilds/3ceb8dba3ca5ad416757181e9fcd32f3
[MUST] MUST configuration ... centralized checks with fall-back application crash handling (very slow)
[MUST] Information: overwritting old intermediate data in directory "/rmaracebench/must_temp"!
[MUST] Using prebuilt infrastructure at /home/user/.cache/must/prebuilds/3ceb8dba3ca5ad416757181e9fcd32f3
[MUST] Infrastructure in "/home/user/.cache/must/prebuilds/3ceb8dba3ca5ad416757181e9fcd32f3" is present and used.
[MUST] Search for linked P^nMPI ... not found ... using LD_PRELOAD to load P^nMPI ... success
[MUST] Note: MPI RMA support requires the application to be built with Clang >= 15.Executing application:
PE 0: localbuf = 42, remote = 0, 
PE 1: localbuf = 1337, remote = 1337, 
Process 0: Execution finished, variable contents: remote = 0, localbuf = 42
Process 1: Execution finished, variable contents: remote = 1337, localbuf = 1337
[MUST-REPORT] Information: from: call MPI_Finalize@0-1: The following MPI functions were used but are not supported by MUST: 
[MUST-REPORT] shmem_clear_lock
[MUST-REPORT] shmem_set_lock
[MUST-REPORT]  References of a representative process:
[MUST-REPORT] Reference 1: call shmem_clear_lockmain
[MUST-REPORT] /rmaracebench/results-20240330-172552/RMASanitizer/sync/011-shmem-sync-lock-remote-no.c:51
[MUST-REPORT]  @rank 0, threadid 1;
[MUST-REPORT] Reference 2: call shmem_set_lockmain
[MUST-REPORT] /rmaracebench/results-20240330-172552/RMASanitizer/sync/011-shmem-sync-lock-remote-no.c:49
[MUST-REPORT]  @rank 0, threadid 1;
[MUST-REPORT] MUST detected no MPI usage errors nor any suspicious behavior during this application run.
[MUST] Execution finished.
