Using prebuild /home/user/.cache/must/prebuilds/47db29af17fd8ef1795e84c042421780
Using prebuild /home/user/.cache/must/prebuilds/47db29af17fd8ef1795e84c042421780
[MUST] MUST configuration ... centralized checks with fall-back application crash handling (very slow)
[MUST] Information: overwritting old intermediate data in directory "/rmaracebench/must_temp"!
[MUST] Using prebuilt infrastructure at /home/user/.cache/must/prebuilds/47db29af17fd8ef1795e84c042421780
[MUST] Infrastructure in "/home/user/.cache/must/prebuilds/47db29af17fd8ef1795e84c042421780" is present and used.
[MUST] Search for linked P^nMPI ... not found ... using LD_PRELOAD to load P^nMPI ... success
[MUST] Note: MPI RMA support requires the application to be built with Clang >= 15.Executing application:
PE 2: 42
Process 0: Execution finished, variable contents: remote = 0, localbuf = 42
Process 3: Execution finished, variable contents: remote = 0, localbuf = 1
Process 2: Execution finished, variable contents: remote = 42, localbuf = 1
Process 1: Execution finished, variable contents: remote = 0, localbuf = 1
[MUST-REPORT] Information: from: call MPI_Finalize@1, 3: The following MPI functions were used but are not supported by MUST: 
[MUST-REPORT] shmem_team_split_strided
[MUST-REPORT]  References of a representative process:
[MUST-REPORT] Reference 1: call shmem_team_split_stridedmain
[MUST-REPORT] /rmaracebench/results-20240409-163106/RMASanitizer/sync/022-shmem-sync-team-sync-remote-no.c:44
[MUST-REPORT]  @rank 1, threadid 1;
[MUST-REPORT] Information: from: call MPI_Finalize@0, 2: The following MPI functions were used but are not supported by MUST: 
[MUST-REPORT] shmem_team_split_strided
[MUST-REPORT] shmem_team_translate_pe
[MUST-REPORT]  References of a representative process:
[MUST-REPORT] Reference 1: call shmem_team_split_stridedmain
[MUST-REPORT] /rmaracebench/results-20240409-163106/RMASanitizer/sync/022-shmem-sync-team-sync-remote-no.c:44
[MUST-REPORT]  @rank 2, threadid 1;
[MUST-REPORT] Reference 2: call shmem_team_translate_pe??
[MUST-REPORT] ??:0
[MUST-REPORT]  @rank 2, threadid 1;
[MUST-REPORT] MUST detected no MPI usage errors nor any suspicious behavior during this application run.
[MUST] Execution finished.
