Using prebuild /home/user/.cache/must/prebuilds/3c2ca73a157a87e378c3713622357d8d
Using prebuild /home/user/.cache/must/prebuilds/3c2ca73a157a87e378c3713622357d8d
[MUST] MUST configuration ... distributed checks without application crash handling
[MUST] Information: overwritting old intermediate data in directory "/rmaracebench/must_temp"!
[MUST] Using prebuilt infrastructure at /home/user/.cache/must/prebuilds/3c2ca73a157a87e378c3713622357d8d
[MUST] Infrastructure in "/home/user/.cache/must/prebuilds/3c2ca73a157a87e378c3713622357d8d" is present and used.
[MUST] Search for linked P^nMPI ... not found ... using LD_PRELOAD to load P^nMPI ... success
[MUST] Note: Full ThreadSanitizer support requires the application to be built with either a GNU-based compiler in version 9 to 11 or an LLVM-based compiler in version 6 to 13.
[MUST] Note: MPI RMA support requires the application to be built with Clang >= 15.Executing application:
==================
[1m[31mWARNING: ThreadSanitizer: data race (pid=8174)
[1m[0m[1m[34m  Read of size 4 at 0x7ffc081e5560 by thread T4:
[1m[0m    #0 MPI_Accumulate ??:? (libpnmpi.so+0x6e770) (BuildId: 40155cd2ae9d02843876806004f4f5d1deba772e)
    #1 <null> <null> (0xfffffffffffffff)
    #2 <null> <null> (0x000100000000)
    #3 <null> <null> (0x000100000005)
    #4 main /rmaracebench/results-20240330-164421/MUST-RMA/conflict/008-MPI-conflict-acc-store-local-yes.c:60 (008-MPI-conflict-acc-store-local-yes.c.exe-must+0xd542d) (BuildId: f12b2e1215f16d7b02c09376e3ace84f093c319f)

[1m[34m  Previous write of size 4 at 0x7ffc081e5560 by main thread:
[1m[0m    #0 main /rmaracebench/results-20240330-164421/MUST-RMA/conflict/008-MPI-conflict-acc-store-local-yes.c:62 (008-MPI-conflict-acc-store-local-yes.c.exe-must+0xd5439) (BuildId: f12b2e1215f16d7b02c09376e3ace84f093c319f)

[1m[32m  Location is stack of main thread.

[1m[0m[1m[32m  Location is global '<null>' at 0x000000000000 ([stack]+0x1f560)

[1m[0m[1m[36m  Thread T4 (tid=0, running) created by thread T3 at:
[1m[0m    #0 must::OriginChecks::OriginChecks(char const*) ??:? (liboriginChecks.so+0xd514) (BuildId: 3a9602517f730f7dbf92416737b1339479e18801)

SUMMARY: ThreadSanitizer: data race ??:? in MPI_Accumulate
==================
Process 0: Execution finished, variable contents: value = 42, value2 = 2, win_base[0] = 0
Process 1: Execution finished, variable contents: value = 1, value2 = 2, win_base[0] = 1
/usr/bin/addr2line: '-f': No such file
[MUST-REPORT] Error: from: call main@0: Local buffer data race at rank 0 between a read of size 4 at MPI_Accumulate@1 and a previous write of size 4 at main@2.
[MUST-REPORT]  Representative location:
[MUST-REPORT] #0  main@/rmaracebench/results-20240330-164421/MUST-RMA/conflict/008-MPI-conflict-acc-store-local-yes.c:62
[MUST-REPORT]  References of a representative process:
[MUST-REPORT] Reference 1: call MPI_Accumulate@rank 0, threadid 1;
[MUST-REPORT] Stacktrace:
[MUST-REPORT] #0  main@/rmaracebench/results-20240330-164421/MUST-RMA/conflict/008-MPI-conflict-acc-store-local-yes.c:60
[MUST-REPORT] Reference 2: call mainmain
[MUST-REPORT] /rmaracebench/results-20240330-164421/MUST-RMA/conflict/008-MPI-conflict-acc-store-local-yes.c:62
[MUST-REPORT] @rank 0, threadid 0;
[MUST-REPORT] Stacktrace:
[MUST-REPORT] #0  main@/rmaracebench/results-20240330-164421/MUST-RMA/conflict/008-MPI-conflict-acc-store-local-yes.c:62
[MUST-REPORT] 
ThreadSanitizer: reported 1 warnings
[MUST] Execution finished.
