Using prebuild /home/user/.cache/must/prebuilds/3ceb8dba3ca5ad416757181e9fcd32f3
Using prebuild /home/user/.cache/must/prebuilds/3ceb8dba3ca5ad416757181e9fcd32f3
[MUST] MUST configuration ... centralized checks with fall-back application crash handling (very slow)
[MUST] Information: overwritting old intermediate data in directory "/rmaracebench/must_temp"!
[MUST] Using prebuilt infrastructure at /home/user/.cache/must/prebuilds/3ceb8dba3ca5ad416757181e9fcd32f3
[MUST] Weaver ... success
[MUST] Generating P^nMPI configuration ... success
[MUST] Infrastructure in "/home/user/.cache/must/prebuilds/3ceb8dba3ca5ad416757181e9fcd32f3" is present and used.
[MUST] Search for linked P^nMPI ... not found ... using LD_PRELOAD to load P^nMPI ... success
[MUST] Note: MPI RMA support requires the application to be built with Clang >= 15.Executing application:
[MUST-RUNTIME] [RMASanitize] epoch counter not found for context 0this should not happen.
[MUST-RUNTIME] [RMASanitize] epoch counter not found for context 0this should not happen.
[4bf54a6d4440:52014] *** An error occurred in MPI_Isend
[4bf54a6d4440:52014] *** reported by process [1257635841,2]
[4bf54a6d4440:52014] *** on communicator MPI COMMUNICATOR 7 DUP FROM 4
[4bf54a6d4440:52014] *** MPI_ERR_RANK: invalid rank
[4bf54a6d4440:52014] *** MPI_ERRORS_ARE_FATAL (processes in this communicator will now abort,
[4bf54a6d4440:52014] ***    and potentially your MPI job)
--------------------------------------------------------------------------
MPI_ABORT was invoked on rank 0 in communicator MPI COMMUNICATOR 4 SPLIT FROM 0
with errorcode 143.

NOTE: invoking MPI_ABORT causes Open MPI to kill all MPI processes.
You may or may not see output from other processes, depending on
exactly when Open MPI kills them.
--------------------------------------------------------------------------
rank 1 (of 3), pid 52013 caught signal nr 15
rank 0 (of 3), pid 52012 caught signal nr 15
rank 2 (of 3), pid 52014 caught signal nr 15
[4bf54a6d4440:52008] 1 more process has sent help message help-mpi-api.txt / mpi-abort
[4bf54a6d4440:52008] Set MCA parameter "orte_base_help_aggregate" to 0 to see all help / error messages
[MUST] Execution finished.
