Using prebuild /home/user/.cache/must/prebuilds/3ceb8dba3ca5ad416757181e9fcd32f3
Using prebuild /home/user/.cache/must/prebuilds/3ceb8dba3ca5ad416757181e9fcd32f3
[MUST] MUST configuration ... centralized checks with fall-back application crash handling (very slow)
[MUST] Information: overwritting old intermediate data in directory "/rmaracebench/must_temp"!
[MUST] Using prebuilt infrastructure at /home/user/.cache/must/prebuilds/3ceb8dba3ca5ad416757181e9fcd32f3
[MUST] Infrastructure in "/home/user/.cache/must/prebuilds/3ceb8dba3ca5ad416757181e9fcd32f3" is present and used.
[MUST] Search for linked P^nMPI ... not found ... using LD_PRELOAD to load P^nMPI ... success
[MUST] Note: MPI RMA support requires the application to be built with Clang >= 15.Executing application:
[MUST-RUNTIME] [RMASanitize] epoch counter not found for context 1this should not happen.
[MUST-RUNTIME] [RMASanitize] epoch counter not found for context 1this should not happen.
Process 0: Execution finished, variable contents: remote = 0, localbuf = 1
Process 2: Execution finished, variable contents: remote = 0, localbuf = 1
Process 1: Execution finished, variable contents: remote = 0, localbuf = 1
[MUST-REPORT] Error: from: call @1: Remote data race at rank 1 between a write of size 8 at  Concurrent region of reference 1 started at reference 3 and ended at reference 4. 
[MUST-REPORT]  Concurrent region of reference 2 started at reference 5 and ended at reference 6. 
[MUST-REPORT]  References of a representative process:
[MUST-REPORT] Reference 1: call shmem_long_atomic_setmain
[MUST-REPORT] /rmaracebench/results-20240330-172552/RMASanitizer/atomic/006-shmem-atomic-double-long-remote-yes.c:56
[MUST-REPORT]  @rank 2, threadid 1;
[MUST-REPORT] Reference 2: call shmem_double_atomic_setmain
[MUST-REPORT] /rmaracebench/results-20240330-172552/RMASanitizer/atomic/006-shmem-atomic-double-long-remote-yes.c:51
[MUST-REPORT]  @rank 0, threadid 1;
[MUST-REPORT] Reference 3: call  @rank 1, threadid 0;
[MUST-REPORT] Reference 4: call shmem_barrier_allmain
[MUST-REPORT] /rmaracebench/results-20240330-172552/RMASanitizer/atomic/006-shmem-atomic-double-long-remote-yes.c:59
[MUST-REPORT]  @rank 1, threadid 0;
[MUST-REPORT] Reference 5: call  @rank 1, threadid 0;
[MUST-REPORT] Reference 6: call shmem_barrier_allmain
[MUST-REPORT] /rmaracebench/results-20240330-172552/RMASanitizer/atomic/006-shmem-atomic-double-long-remote-yes.c:59
[MUST-REPORT]  @rank 1, threadid 0;
[MUST] Execution finished.
