Using prebuild /home/user/.cache/must/prebuilds/47db29af17fd8ef1795e84c042421780
Using prebuild /home/user/.cache/must/prebuilds/47db29af17fd8ef1795e84c042421780
[MUST] MUST configuration ... centralized checks with fall-back application crash handling (very slow)
[MUST] Information: overwritting old intermediate data in directory "/rmaracebench/must_temp"!
[MUST] Using prebuilt infrastructure at /home/user/.cache/must/prebuilds/47db29af17fd8ef1795e84c042421780
[MUST] Infrastructure in "/home/user/.cache/must/prebuilds/47db29af17fd8ef1795e84c042421780" is present and used.
[MUST] Search for linked P^nMPI ... not found ... using LD_PRELOAD to load P^nMPI ... success
[MUST] Note: MPI RMA support requires the application to be built with Clang >= 15.Executing application:
[MUST-RUNTIME] [RMASanitize] epoch counter not found for context 1this should not happen.
[MUST-RUNTIME] Skip TargetRMAOp from rank 0 with unknown start point.
Process 0: Execution finished, variable contents: remote = 0, localbuf = 1
Process 1: Execution finished, variable contents: remote = 1074161254, localbuf = 1
Process 2: Execution finished, variable contents: remote = 0, localbuf = 1
[MUST-REPORT] Error: from: call shmem_float_atomic_set@0: Found RMA data race (overlapping accesses) on rank 1 originating from rank 0 References of a representative process:
[MUST-REPORT] Reference 1: call shmem_float_atomic_setmain
[MUST-REPORT] /rmaracebench/results-20240406-162207/RMASanitizer/atomic/009-shmem-atomic-int-float-sameorigin-remote-yes.c:51
[MUST-REPORT]  @rank 0, threadid 1;
[MUST-REPORT] Reference 2: call shmem_int_atomic_setmain
[MUST-REPORT] /rmaracebench/results-20240406-162207/RMASanitizer/atomic/009-shmem-atomic-int-float-sameorigin-remote-yes.c:49
[MUST-REPORT]  @rank 0, threadid 1;
[MUST] Execution finished.
