Using prebuild /root/.cache/must/prebuilds/7b8e809b6bcee8c0f9ff11f616e19b95
Using prebuild /root/.cache/must/prebuilds/7b8e809b6bcee8c0f9ff11f616e19b95
[MUST] MUST configuration ... centralized checks with fall-back application crash handling (very slow)
[MUST] Information: overwritting old intermediate data in directory "/rmaracebench/must_temp"!
[MUST] Using prebuilt infrastructure at /root/.cache/must/prebuilds/7b8e809b6bcee8c0f9ff11f616e19b95
[MUST] Weaver ... success
[MUST] Generating P^nMPI configuration ... success
[MUST] Infrastructure in "/root/.cache/must/prebuilds/7b8e809b6bcee8c0f9ff11f616e19b95" is present and used.
[MUST] Search for linked P^nMPI ... not found ... using LD_PRELOAD to load P^nMPI ... success
[MUST] Note: MPI RMA support requires the application to be built with Clang >= 15.Executing application:
[MUST-RUNTIME] [RMASanitize] epoch counter not found for context 0this should not happen.
read result is 0
gaspi_allreduce result is 3
gaspi_allreduce result is 3
gaspi_allreduce result is 3
rank 2 (of 3), pid 76040 caught signal nr 11
rank 0 (of 3), pid 76038 caught signal nr 11
rank 1 (of 3), pid 76039 caught signal nr 11
/rmaracebench/results/results-rmasanitizer-gaspi/RMASanitizer/sync/009-GASPI-sync-wait-allreduce-remote-no.c.exe-must(backtrace+0xda)[0x55aa05c30e3a]
/rmaracebench/results/results-rmasanitizer-gaspi/RMASanitizer/sync/009-GASPI-sync-wait-allreduce-remote-no.c.exe-must(backtrace+0xda)[0x56065ebc8e3a]
/opt/rmasanitizer/modules//libcStratSimpleUp.so(+0x1ef18)[0x7f4e551d4f18]
/opt/rmasanitizer/modules//libcStratSimpleUp.so(_Z15mySignalHandleri+0x12b)[0x7f4e551d505b]
/opt/rmasanitizer/modules//libcStratSimpleUp.so(+0x1ef18)[0x7f147a7f7f18]
/opt/rmasanitizer/modules//libcStratSimpleUp.so(_Z15mySignalHandleri+0x12b)[0x7f147a7f805b]
/rmaracebench/results/results-rmasanitizer-gaspi/RMASanitizer/sync/009-GASPI-sync-wait-allreduce-remote-no.c.exe-must(+0x2fb20)[0x55aa05c16b20]
/rmaracebench/results/results-rmasanitizer-gaspi/RMASanitizer/sync/009-GASPI-sync-wait-allreduce-remote-no.c.exe-must(backtrace+0xda)[0x558ef0ab4e3a]
/rmaracebench/results/results-rmasanitizer-gaspi/RMASanitizer/sync/009-GASPI-sync-wait-allreduce-remote-no.c.exe-must(+0x2fb20)[0x56065ebaeb20]
/rmaracebench/results/results-rmasanitizer-gaspi/RMASanitizer/sync/009-GASPI-sync-wait-allreduce-remote-no.c.exe-must(+0x30046)[0x56065ebaf046]
/lib/x86_64-linux-gnu/libc.so.6(+0x3c050)[0x7f4e57b18050]
/rmaracebench/results/results-rmasanitizer-gaspi/RMASanitizer/sync/009-GASPI-sync-wait-allreduce-remote-no.c.exe-must(+0x30046)[0x55aa05c17046]
/lib/x86_64-linux-gnu/libc.so.6(+0x3c050)[0x7f147d1f7050]
/opt/rmasanitizer/modules//libcStratSimpleUp.so(+0x1ef18)[0x7f7df99f7f18]
/opt/rmasanitizer/modules//libcStratSimpleUp.so(_Z15mySignalHandleri+0x12b)[0x7f7df99f805b]
/rmaracebench/results/results-rmasanitizer-gaspi/RMASanitizer/sync/009-GASPI-sync-wait-allreduce-remote-no.c.exe-must(+0x2fb20)[0x558ef0a9ab20]
/rmaracebench/results/results-rmasanitizer-gaspi/RMASanitizer/sync/009-GASPI-sync-wait-allreduce-remote-no.c.exe-must(+0x30046)[0x558ef0a9b046]
/rmaracebench/results/results-rmasanitizer-gaspi/RMASanitizer/sync/009-GASPI-sync-wait-allreduce-remote-no.c.exe-must(+0xd5659)[0x56065ec54659]
/lib/x86_64-linux-gnu/libc.so.6(+0x3c050)[0x7f7dfc3f7050]
/rmaracebench/results/results-rmasanitizer-gaspi/RMASanitizer/sync/009-GASPI-sync-wait-allreduce-remote-no.c.exe-must(+0xd5659)[0x55aa05cbc659]
/lib/x86_64-linux-gnu/libc.so.6(+0x2724a)[0x7f4e57b0324a]
/rmaracebench/results/results-rmasanitizer-gaspi/RMASanitizer/sync/009-GASPI-sync-wait-allreduce-remote-no.c.exe-must(+0xd5659)[0x558ef0b40659]
/lib/x86_64-linux-gnu/libc.so.6(+0x2724a)[0x7f147d1e224a]
/lib/x86_64-linux-gnu/libc.so.6(__libc_start_main+0x85)[0x7f4e57b03305]
/lib/x86_64-linux-gnu/libc.so.6(+0x2724a)[0x7f7dfc3e224a]
/rmaracebench/results/results-rmasanitizer-gaspi/RMASanitizer/sync/009-GASPI-sync-wait-allreduce-remote-no.c.exe-must(+0x21461)[0x56065eba0461]
/lib/x86_64-linux-gnu/libc.so.6(__libc_start_main+0x85)[0x7f147d1e2305]
/lib/x86_64-linux-gnu/libc.so.6(__libc_start_main+0x85)[0x7f7dfc3e2305]
/rmaracebench/results/results-rmasanitizer-gaspi/RMASanitizer/sync/009-GASPI-sync-wait-allreduce-remote-no.c.exe-must(+0x21461)[0x558ef0a8c461]
/rmaracebench/results/results-rmasanitizer-gaspi/RMASanitizer/sync/009-GASPI-sync-wait-allreduce-remote-no.c.exe-must(+0x21461)[0x55aa05c08461]
Waiting up to 30 seconds for analyses to be finished.
Waiting up to 30 seconds for analyses to be finished.
Waiting up to 30 seconds for analyses to be finished.
--------------------------------------------------------------------------
Primary job  terminated normally, but 1 process returned
a non-zero exit code. Per user-direction, the job has been aborted.
--------------------------------------------------------------------------
--------------------------------------------------------------------------
mpiexec detected that one or more processes exited with non-zero status, thus causing
the job to be terminated. The first process to do so was:

  Process name: [[49679,1],0]
  Exit code:    1
--------------------------------------------------------------------------
[MUST] Execution finished.
