Process 1: Execution finished, variable contents: value = 1, value2 = 2, win_base[0] = 1
PARCOACH: stopping RMA analyzer, no issues found.
Process 2: Execution finished, variable contents: value = 0, value2 = 2, win_base[0] = 0
PARCOACH: stopping RMA analyzer, no issues found.
[e39e3696eb26:37342] *** Process received signal ***
[e39e3696eb26:37342] Signal: Segmentation fault (11)
[e39e3696eb26:37342] Signal code: Address not mapped (1)
[e39e3696eb26:37342] Failing at address: 0x55ce630d9810
[e39e3696eb26:37342] [ 0] /lib/x86_64-linux-gnu/libc.so.6(+0x3c050)[0x7f663f256050]
[e39e3696eb26:37342] [ 1] /usr/lib/x86_64-linux-gnu/openmpi/lib/openmpi3/mca_pml_ob1.so(mca_pml_ob1_recv_frag_callback_ack+0x24)[0x7f663cbd6594]
[e39e3696eb26:37342] [ 2] /usr/lib/x86_64-linux-gnu/openmpi/lib/openmpi3/mca_btl_vader.so(mca_btl_vader_poll_handle_frag+0x91)[0x7f663e1acb41]
[e39e3696eb26:37342] [ 3] /usr/lib/x86_64-linux-gnu/openmpi/lib/openmpi3/mca_btl_vader.so(+0x4e18)[0x7f663e1ace18]
[e39e3696eb26:37342] [ 4] /lib/x86_64-linux-gnu/libopen-pal.so.40(opal_progress+0x2c)[0x7f663edbbe1c]
[e39e3696eb26:37342] [ 5] /lib/x86_64-linux-gnu/libmpi.so.40(ompi_request_default_wait+0x55)[0x7f663f571bc5]
[e39e3696eb26:37342] [ 6] /lib/x86_64-linux-gnu/libmpi.so.40(ompi_coll_base_barrier_intra_recursivedoubling+0x2d3)[0x7f663f5db8a3]
[e39e3696eb26:37342] [ 7] /usr/lib/x86_64-linux-gnu/openmpi/lib/openmpi3/mca_osc_rdma.so(ompi_osc_rdma_free+0xa5)[0x7f663cae96c5]
[e39e3696eb26:37342] [ 8] /lib/x86_64-linux-gnu/libmpi.so.40(ompi_win_free+0x17)[0x7f663f57b457]
[e39e3696eb26:37342] [ 9] /lib/x86_64-linux-gnu/libmpi.so.40(MPI_Win_free+0x88)[0x7f663f5b9158]
[e39e3696eb26:37342] [10] results-20240330-164421/PARCOACH-dynamic/conflict/030-MPI-conflict-acc-gaccread-remote-no.c-instrumented.exe(+0x15ae)[0x561aefe315ae]
[e39e3696eb26:37342] [11] /lib/x86_64-linux-gnu/libc.so.6(+0x2724a)[0x7f663f24124a]
[e39e3696eb26:37342] [12] /lib/x86_64-linux-gnu/libc.so.6(__libc_start_main+0x85)[0x7f663f241305]
[e39e3696eb26:37342] [13] results-20240330-164421/PARCOACH-dynamic/conflict/030-MPI-conflict-acc-gaccread-remote-no.c-instrumented.exe(+0x1141)[0x561aefe31141]
[e39e3696eb26:37342] *** End of error message ***
--------------------------------------------------------------------------
Primary job  terminated normally, but 1 process returned
a non-zero exit code. Per user-direction, the job has been aborted.
--------------------------------------------------------------------------
--------------------------------------------------------------------------
mpirun noticed that process rank 2 with PID 0 on node e39e3696eb26 exited on signal 11 (Segmentation fault).
--------------------------------------------------------------------------
