win_base[0] is 0
[e39e3696eb26:37408] *** Process received signal ***
[e39e3696eb26:37408] Signal: Segmentation fault (11)
[e39e3696eb26:37408] Signal code: Address not mapped (1)
[e39e3696eb26:37408] Failing at address: 0x1
[e39e3696eb26:37408] [ 0] /lib/x86_64-linux-gnu/libc.so.6(+0x3c050)[0x7fdb8fe76050]
[e39e3696eb26:37408] [ 1] /usr/lib/x86_64-linux-gnu/openmpi/lib/openmpi3/mca_pml_ob1.so(mca_pml_ob1_recv_frag_callback_match+0x587)[0x7fdb8d7eca27]
[e39e3696eb26:37408] [ 2] /usr/lib/x86_64-linux-gnu/openmpi/lib/openmpi3/mca_btl_vader.so(+0x4f6a)[0x7fdb8f805f6a]
[e39e3696eb26:37408] [ 3] /lib/x86_64-linux-gnu/libopen-pal.so.40(opal_progress+0x2c)[0x7fdb8f9dbe1c]
[e39e3696eb26:37408] [ 4] /usr/lib/x86_64-linux-gnu/openmpi/lib/openmpi3/mca_pml_ob1.so(mca_pml_ob1_recv+0x30d)[0x7fdb8d7e49fd]
[e39e3696eb26:37408] [ 5] /lib/x86_64-linux-gnu/libmpi.so.40(ompi_coll_base_reduce_intra_basic_linear+0x153)[0x7fdb901f95e3]
[e39e3696eb26:37408] [ 6] /usr/lib/x86_64-linux-gnu/openmpi/lib/openmpi3/mca_coll_tuned.so(ompi_coll_tuned_reduce_intra_dec_fixed+0x4f)[0x7fdb8d78e37f]
[e39e3696eb26:37408] [ 7] /lib/x86_64-linux-gnu/libmpi.so.40(MPI_Reduce+0x12a)[0x7fdb901ca42a]
[e39e3696eb26:37408] [ 8] /opt/parcoach/lib/libParcoachRMADynamic_MPI_C.so(rma_analyzer_clear_comm_check_thread+0x10b)[0x7fdb9028cc8b]
[e39e3696eb26:37408] [ 9] /opt/parcoach/lib/libParcoachRMADynamic_MPI_C.so(parcoach_rma_MPI_Win_fence+0x2b)[0x7fdb9028e5cb]
[e39e3696eb26:37408] [10] results-20240330-164421/PARCOACH-dynamic/conflict/032-MPI-conflict-gaccread-load-remote-no.c-instrumented.exe(+0x147a)[0x564a85edb47a]
[e39e3696eb26:37408] [11] /lib/x86_64-linux-gnu/libc.so.6(+0x2724a)[0x7fdb8fe6124a]
[e39e3696eb26:37408] [12] /lib/x86_64-linux-gnu/libc.so.6(__libc_start_main+0x85)[0x7fdb8fe61305]
[e39e3696eb26:37408] [13] results-20240330-164421/PARCOACH-dynamic/conflict/032-MPI-conflict-gaccread-load-remote-no.c-instrumented.exe(+0x1131)[0x564a85edb131]
[e39e3696eb26:37408] *** End of error message ***
--------------------------------------------------------------------------
Primary job  terminated normally, but 1 process returned
a non-zero exit code. Per user-direction, the job has been aborted.
--------------------------------------------------------------------------
--------------------------------------------------------------------------
mpirun noticed that process rank 0 with PID 0 on node e39e3696eb26 exited on signal 11 (Segmentation fault).
--------------------------------------------------------------------------
