Using prebuild /home/user/.cache/must/prebuilds/3c2ca73a157a87e378c3713622357d8d
Using prebuild /home/user/.cache/must/prebuilds/3c2ca73a157a87e378c3713622357d8d
[MUST] MUST configuration ... distributed checks without application crash handling
[MUST] Information: overwritting old intermediate data in directory "/rmaracebench/must_temp"!
[MUST] Using prebuilt infrastructure at /home/user/.cache/must/prebuilds/3c2ca73a157a87e378c3713622357d8d
[MUST] Infrastructure in "/home/user/.cache/must/prebuilds/3c2ca73a157a87e378c3713622357d8d" is present and used.
[MUST] Search for linked P^nMPI ... not found ... using LD_PRELOAD to load P^nMPI ... success
[MUST] Note: Full ThreadSanitizer support requires the application to be built with either a GNU-based compiler in version 9 to 11 or an LLVM-based compiler in version 6 to 13.
[MUST] Note: MPI RMA support requires the application to be built with Clang >= 15.Executing application:
win_base[0] is 0
==================
[1m[31mWARNING: ThreadSanitizer: data race (pid=33029)
[1m[0m[1m[34m  Write of size 4 at 0x7f8d22901008 by thread T4:
[1m[0m    #0 MPI_Get ??:? (libpnmpi.so+0x79120) (BuildId: 40155cd2ae9d02843876806004f4f5d1deba772e)
    #1 <null> <null> (0xfffffffffffffff)
    #2 <null> <null> (0x000200000000)
    #3 <null> <null> (0x000100000006)
    #4 .omp_outlined. /rmaracebench/results-20240330-164421/MUST-RMA/hybrid/009-MPI-hybrid-task-local-yes.c:91 (009-MPI-hybrid-task-local-yes.c.exe-must+0xd5ae8) (BuildId: ccb6fb0efdabeaac4019e6ac6fdfd18b2a059b8b)
    #5 .omp_task_entry. /rmaracebench/results-20240330-164421/MUST-RMA/hybrid/009-MPI-hybrid-task-local-yes.c:86 (009-MPI-hybrid-task-local-yes.c.exe-must+0xd5ae8)

[1m[34m  Previous read of size 4 at 0x7f8d22901008 by main thread:
[1m[0m    #0 .omp_outlined._debug__ /rmaracebench/results-20240330-164421/MUST-RMA/hybrid/009-MPI-hybrid-task-local-yes.c:98 (009-MPI-hybrid-task-local-yes.c.exe-must+0xd594c) (BuildId: ccb6fb0efdabeaac4019e6ac6fdfd18b2a059b8b)
    #1 .omp_outlined..3 /rmaracebench/results-20240330-164421/MUST-RMA/hybrid/009-MPI-hybrid-task-local-yes.c:82 (009-MPI-hybrid-task-local-yes.c.exe-must+0xd57db) (BuildId: ccb6fb0efdabeaac4019e6ac6fdfd18b2a059b8b)
    #2 __kmp_invoke_microtask ??:? (libomp.so.5+0xd5f82) (BuildId: 05ca19636d348c9239a0433e3b383db4d4819baf)
    #3 main /rmaracebench/results-20240330-164421/MUST-RMA/hybrid/009-MPI-hybrid-task-local-yes.c:82 (009-MPI-hybrid-task-local-yes.c.exe-must+0xd5621) (BuildId: ccb6fb0efdabeaac4019e6ac6fdfd18b2a059b8b)

[1m[32m  Location is global '<null>' at 0x000000000000 (osc_rdma.e39e3696eb26.64ce0001.10 (deleted)+0x1008)

[1m[0m[1m[36m  Thread T4 (tid=0, running) created by thread T3 at:
[1m[0m    #0 must::OriginChecks::OriginChecks(char const*) ??:? (liboriginChecks.so+0xd514) (BuildId: 3a9602517f730f7dbf92416737b1339479e18801)

SUMMARY: ThreadSanitizer: data race ??:? in MPI_Get
==================
win_base[0] is 0
Process 1: Execution finished, variable contents: value = 1, value2 = 2, win_base[0] = 0
Process 0: Execution finished, variable contents: value = 1, value2 = 2, win_base[0] = 0
/usr/bin/addr2line: '-f': No such file
[MUST-REPORT] Error: from: call .omp_outlined._debug__@0: Local buffer data race at rank 0 between a write of size 4 at MPI_Get@1 and a previous read of size 4 at .omp_outlined._debug__@2.
[MUST-REPORT]  Representative location:
[MUST-REPORT] #0  .omp_outlined._debug__@/rmaracebench/results-20240330-164421/MUST-RMA/hybrid/009-MPI-hybrid-task-local-yes.c:98
[MUST-REPORT] #1  .omp_outlined..3@/rmaracebench/results-20240330-164421/MUST-RMA/hybrid/009-MPI-hybrid-task-local-yes.c:82
[MUST-REPORT] #2  __kmp_invoke_microtask@??:?:0xd5f82
[MUST-REPORT] #3  main@/rmaracebench/results-20240330-164421/MUST-RMA/hybrid/009-MPI-hybrid-task-local-yes.c:82
[MUST-REPORT]  References of a representative process:
[MUST-REPORT] Reference 1: call MPI_Get@rank 0, threadid 2;
[MUST-REPORT] Stacktrace:
[MUST-REPORT] #0  .omp_outlined.@/rmaracebench/results-20240330-164421/MUST-RMA/hybrid/009-MPI-hybrid-task-local-yes.c:91
[MUST-REPORT] #1  .omp_task_entry.@/rmaracebench/results-20240330-164421/MUST-RMA/hybrid/009-MPI-hybrid-task-local-yes.c:86
[MUST-REPORT] #2  __kmpc_omp_task_parts@:0
[MUST-REPORT] #3  __kmpc_taskgroup@:0
[MUST-REPORT] #4  __kmpc_threadprivate_register_vec@:0
[MUST-REPORT] #5  __kmpc_threadprivate_register_vec@:0
[MUST-REPORT] #6  __kmpc_threadprivate_register_vec@:0
[MUST-REPORT] #7  __kmpc_barrier@:0
[MUST-REPORT] #8  .omp_outlined._debug__@/rmaracebench/results-20240330-164421/MUST-RMA/hybrid/009-MPI-hybrid-task-local-yes.c:84
[MUST-REPORT] #9  .omp_outlined..3@/rmaracebench/results-20240330-164421/MUST-RMA/hybrid/009-MPI-hybrid-task-local-yes.c:82
[MUST-REPORT] Reference 2: call .omp_outlined._debug__.omp_outlined._debug__
[MUST-REPORT] /rmaracebench/results-20240330-164421/MUST-RMA/hybrid/009-MPI-hybrid-task-local-yes.c:98
[MUST-REPORT] @rank 0, threadid 0;
[MUST-REPORT] Stacktrace:
[MUST-REPORT] #0  .omp_outlined._debug__@/rmaracebench/results-20240330-164421/MUST-RMA/hybrid/009-MPI-hybrid-task-local-yes.c:98
[MUST-REPORT] #1  .omp_outlined..3@/rmaracebench/results-20240330-164421/MUST-RMA/hybrid/009-MPI-hybrid-task-local-yes.c:82
[MUST-REPORT] #2  __kmp_invoke_microtask@??:?:0xd5f82
[MUST-REPORT] #3  main@/rmaracebench/results-20240330-164421/MUST-RMA/hybrid/009-MPI-hybrid-task-local-yes.c:82
[MUST-REPORT] 
ThreadSanitizer: reported 1 warnings
[MUST] Execution finished.
