===========================
===  PARCOACH ANALYSIS  ===
===========================
===========================
ANALYZING function main...
(1) Get statistics ...done 
(2) Local concurrency errors detection ...LocalConcurrency detected: conflit with the following instructions: 
  %45 = load i32, ptr %10, align 4, !dbg !111 - LINE 62 in results-20240330-164421/PARCOACH-static/conflict/004-MPI-conflict-get-load-local-yes.c
AND
  %44 = call i32 @MPI_Get(ptr noundef %10, i32 noundef 1, ptr noundef @ompi_mpi_int, i32 noundef 1, i64 noundef 0, i32 noundef 1, ptr noundef @ompi_mpi_int, ptr noundef %43), !dbg !110 - LINE 60 in results-20240330-164421/PARCOACH-static/conflict/004-MPI-conflict-get-load-local-yes.c
done 
(3) Instrumentation for dynamic analysis ...done 
=== STATISTICS === 
11 MPI functions including 5 RMA functions 
= WINDOW CREATION/DESTRUCTION: 1 MPI_Win_free, 1 MPI_Win_create 
= EPOCH CREATION/DESTRUCTION: 2 MPI_Win_fence, 0 MPI_Lock, 0 MPI_Lockall 0 MPI_Unlock, 0 MPI_Unlockall 
= ONE-SIDED COMMUNICATIONS: 1 MPI_Get, 0 MPI_Put, 0 MPI_Accumulate 
= SYNCHRONIZATION: 0 MPI_Win_Flush 
LOAD/STORE STATISTICS: 10 (/16) LOAD and 1 (/9) STORE are instrumented
===========================
