Using prebuild /home/user/.cache/must/prebuilds/47db29af17fd8ef1795e84c042421780
Using prebuild /home/user/.cache/must/prebuilds/47db29af17fd8ef1795e84c042421780
[MUST] MUST configuration ... centralized checks with fall-back application crash handling (very slow)
[MUST] Information: overwritting old intermediate data in directory "/rmaracebench/must_temp"!
[MUST] Using prebuilt infrastructure at /home/user/.cache/must/prebuilds/47db29af17fd8ef1795e84c042421780
[MUST] Infrastructure in "/home/user/.cache/must/prebuilds/47db29af17fd8ef1795e84c042421780" is present and used.
[MUST] Search for linked P^nMPI ... not found ... using LD_PRELOAD to load P^nMPI ... success
[MUST] Note: MPI RMA support requires the application to be built with Clang >= 15.Executing application:
[MUST-RUNTIME] [RMASanitize] epoch counter not found for context 0this should not happen.
read result is 42
gaspi_allreduce result is 3
gaspi_allreduce result is 3
gaspi_allreduce result is 3
rank 2 (of 3), pid 76424 caught signal nr 11
rank 1 (of 3), pid 76423 caught signal nr 11
/rmaracebench/results-20240406-163658/RMASanitizer/sync/010-GASPI-sync-wait-allreduce-remote-yes.c.exe-must(backtrace+0xda)[0x556cc8c8ae3a]
/opt/rmasanitizer/modules//libcStratSimpleUp.so(+0x1ef18)[0x7fe3ce78ef18]
/opt/rmasanitizer/modules//libcStratSimpleUp.so(_Z15mySignalHandleri+0x12b)[0x7fe3ce78f05b]
/rmaracebench/results-20240406-163658/RMASanitizer/sync/010-GASPI-sync-wait-allreduce-remote-yes.c.exe-must(+0x2fb20)[0x556cc8c70b20]
/rmaracebench/results-20240406-163658/RMASanitizer/sync/010-GASPI-sync-wait-allreduce-remote-yes.c.exe-must(backtrace+0xda)[0x560f92933e3a]
/rmaracebench/results-20240406-163658/RMASanitizer/sync/010-GASPI-sync-wait-allreduce-remote-yes.c.exe-must(+0x30046)[0x556cc8c71046]
/opt/rmasanitizer/modules//libcStratSimpleUp.so(+0x1ef18)[0x7ff5fd7f7f18]
/opt/rmasanitizer/modules//libcStratSimpleUp.so(_Z15mySignalHandleri+0x12b)[0x7ff5fd7f805b]
/lib/x86_64-linux-gnu/libc.so.6(+0x3c050)[0x7fe3d1286050]
/rmaracebench/results-20240406-163658/RMASanitizer/sync/010-GASPI-sync-wait-allreduce-remote-yes.c.exe-must(+0x2fb20)[0x560f92919b20]
/rmaracebench/results-20240406-163658/RMASanitizer/sync/010-GASPI-sync-wait-allreduce-remote-yes.c.exe-must(+0xd5608)[0x556cc8d16608]
/rmaracebench/results-20240406-163658/RMASanitizer/sync/010-GASPI-sync-wait-allreduce-remote-yes.c.exe-must(+0x30046)[0x560f9291a046]
/lib/x86_64-linux-gnu/libc.so.6(+0x3c050)[0x7ff60021e050]
/lib/x86_64-linux-gnu/libc.so.6(+0x2724a)[0x7fe3d127124a]
/lib/x86_64-linux-gnu/libc.so.6(__libc_start_main+0x85)[0x7fe3d1271305]
/rmaracebench/results-20240406-163658/RMASanitizer/sync/010-GASPI-sync-wait-allreduce-remote-yes.c.exe-must(+0xd5608)[0x560f929bf608]
rank 0 (of 3), pid 76422 caught signal nr 11
/lib/x86_64-linux-gnu/libc.so.6(+0x2724a)[0x7ff60020924a]
/lib/x86_64-linux-gnu/libc.so.6(__libc_start_main+0x85)[0x7ff600209305]
/rmaracebench/results-20240406-163658/RMASanitizer/sync/010-GASPI-sync-wait-allreduce-remote-yes.c.exe-must(+0x21461)[0x556cc8c62461]
/rmaracebench/results-20240406-163658/RMASanitizer/sync/010-GASPI-sync-wait-allreduce-remote-yes.c.exe-must(+0x21461)[0x560f9290b461]
/rmaracebench/results-20240406-163658/RMASanitizer/sync/010-GASPI-sync-wait-allreduce-remote-yes.c.exe-must(backtrace+0xda)[0x55d1130cfe3a]
/opt/rmasanitizer/modules//libcStratSimpleUp.so(+0x1ef18)[0x7f031178ef18]
/opt/rmasanitizer/modules//libcStratSimpleUp.so(_Z15mySignalHandleri+0x12b)[0x7f031178f05b]
/rmaracebench/results-20240406-163658/RMASanitizer/sync/010-GASPI-sync-wait-allreduce-remote-yes.c.exe-must(+0x2fb20)[0x55d1130b5b20]
/rmaracebench/results-20240406-163658/RMASanitizer/sync/010-GASPI-sync-wait-allreduce-remote-yes.c.exe-must(+0x30046)[0x55d1130b6046]
/lib/x86_64-linux-gnu/libc.so.6(+0x3c050)[0x7f0314199050]
/rmaracebench/results-20240406-163658/RMASanitizer/sync/010-GASPI-sync-wait-allreduce-remote-yes.c.exe-must(+0xd5608)[0x55d11315b608]
/lib/x86_64-linux-gnu/libc.so.6(+0x2724a)[0x7f031418424a]
/lib/x86_64-linux-gnu/libc.so.6(__libc_start_main+0x85)[0x7f0314184305]
/rmaracebench/results-20240406-163658/RMASanitizer/sync/010-GASPI-sync-wait-allreduce-remote-yes.c.exe-must(+0x21461)[0x55d1130a7461]
[MUST-REPORT] Error: from: call @1: Remote data race at rank 1 between a read of size 4 at  Concurrent region of reference 1 started at reference 3 and ended at reference 4. 
[MUST-REPORT]  References of a representative process:
[MUST-REPORT] Reference 1: call gaspi_readmain
[MUST-REPORT] /rmaracebench/results-20240406-163658/RMASanitizer/sync/010-GASPI-sync-wait-allreduce-remote-yes.c:70
[MUST-REPORT]  @rank 0, threadid 1;
[MUST-REPORT] Reference 2: call main
[MUST-REPORT] /rmaracebench/results-20240406-163658/RMASanitizer/sync/010-GASPI-sync-wait-allreduce-remote-yes.c:77
[MUST-REPORT]  @rank 1, threadid 0;
[MUST-REPORT] Reference 3: call gaspi_barriermain
[MUST-REPORT] /rmaracebench/results-20240406-163658/RMASanitizer/sync/010-GASPI-sync-wait-allreduce-remote-yes.c:66
[MUST-REPORT]  @rank 1, threadid 0;
[MUST-REPORT] Reference 4: call main
[MUST-REPORT] /rmaracebench/results-20240406-163658/RMASanitizer/sync/010-GASPI-sync-wait-allreduce-remote-yes.c:77
[MUST-REPORT]  @rank 1, threadid 0;
Waiting up to 30 seconds for analyses to be finished.
Waiting up to 30 seconds for analyses to be finished.
Waiting up to 30 seconds for analyses to be finished.
--------------------------------------------------------------------------
Primary job  terminated normally, but 1 process returned
a non-zero exit code. Per user-direction, the job has been aborted.
--------------------------------------------------------------------------
--------------------------------------------------------------------------
mpiexec detected that one or more processes exited with non-zero status, thus causing
the job to be terminated. The first process to do so was:

  Process name: [[54340,1],1]
  Exit code:    1
--------------------------------------------------------------------------
[MUST] Execution finished.
