win_base[0] is 1
[e39e3696eb26:38363] *** Process received signal ***
[e39e3696eb26:38363] Signal: Segmentation fault (11)
[e39e3696eb26:38363] Signal code: Address not mapped (1)
[e39e3696eb26:38363] Failing at address: 0x1
[e39e3696eb26:38363] [ 0] /lib/x86_64-linux-gnu/libc.so.6(+0x3c050)[0x7f611671b050]
[e39e3696eb26:38363] [ 1] /usr/lib/x86_64-linux-gnu/openmpi/lib/openmpi3/mca_pml_ob1.so(mca_pml_ob1_recv_frag_callback_match+0x587)[0x7f6116025a27]
[e39e3696eb26:38363] [ 2] /usr/lib/x86_64-linux-gnu/openmpi/lib/openmpi3/mca_btl_vader.so(+0x4f6a)[0x7f6116073f6a]
[e39e3696eb26:38363] [ 3] /lib/x86_64-linux-gnu/libopen-pal.so.40(opal_progress+0x2c)[0x7f6116280e1c]
[e39e3696eb26:38363] [ 4] /lib/x86_64-linux-gnu/libmpi.so.40(ompi_request_default_test+0x30)[0x7f6116a36560]
[e39e3696eb26:38363] [ 5] /lib/x86_64-linux-gnu/libmpi.so.40(PMPI_Test+0x4e)[0x7f6116a7664e]
[e39e3696eb26:38363] [ 6] /opt/parcoach/lib/libParcoachRMADynamic_MPI_C.so(+0x571f)[0x7f6116b3171f]
[e39e3696eb26:38363] [ 7] /lib/x86_64-linux-gnu/libstdc++.so.6(+0xd44a3)[0x7f61165974a3]
[e39e3696eb26:38363] [ 8] /lib/x86_64-linux-gnu/libc.so.6(+0x89134)[0x7f6116768134]
[e39e3696eb26:38363] [ 9] /lib/x86_64-linux-gnu/libc.so.6(+0x1097dc)[0x7f61167e87dc]
[e39e3696eb26:38363] *** End of error message ***
--------------------------------------------------------------------------
Primary job  terminated normally, but 1 process returned
a non-zero exit code. Per user-direction, the job has been aborted.
--------------------------------------------------------------------------
--------------------------------------------------------------------------
mpirun noticed that process rank 0 with PID 0 on node e39e3696eb26 exited on signal 11 (Segmentation fault).
--------------------------------------------------------------------------
